LOG : 11:34:36  ----  Starting ...
LOG : 11:35:37  ----  Generating map...
LOG : 11:35:37  ----  Initializing...
LOG : 11:35:37  ----  Generating landmasses
LOG : 11:35:37  ----  Generating landmass #1
LOG : 11:35:37  ----  Continent Ikiesa
LOG : 11:35:37  ----  Source: 50,3
LOG : 11:35:37  ----  Size: 945
LOG : 11:35:37  ----  Target coverage: 0.28932705048140134
LOG : 11:35:37  ----  Mt:0.1205529377005839, Fr:0.048221175080233554, Wl:0.1205529377005839
LOG : 11:35:37  ----  heat:0.5, wetness:0.8123297400020875, flatness:0.08103606211260328, corruption:0.8237629960519209
LOG : 11:35:37  ----  Landmass generated in 0.172 sec
LOG : 11:35:37  ----  Generating landmass #2
LOG : 11:35:37  ----  Continent Chaona
LOG : 11:35:37  ----  Source: 223,102
LOG : 11:35:37  ----  Size: 671
LOG : 11:35:37  ----  Target coverage: 0.7212849001365125
LOG : 11:35:37  ----  Mt:0.12021415002275207, Fr:0.0, Wl:0.6010707501137604
LOG : 11:35:37  ----  heat:0.5, wetness:0.9108732347157315, flatness:0.11076931500974718, corruption:0.7028466478227369
LOG : 11:35:37  ----  Landmass generated in 0.055 sec
LOG : 11:35:37  ----  Generating landmass #3
LOG : 11:35:37  ----  Continent Uatea
LOG : 11:35:37  ----  Source: 200,107
LOG : 11:35:37  ----  Size: 1364
LOG : 11:35:37  ----  Target coverage: 0.940420380362462
LOG : 11:35:37  ----  Mt:0.21702008777595277, Fr:0.7234002925865093, Wl:0.0
LOG : 11:35:37  ----  heat:0.5, wetness:0.44390355482307553, flatness:0.14087112237304023, corruption:0.9893136660681271
LOG : 11:35:38  ----  Landmass generated in 0.171 sec
LOG : 11:35:38  ----  Generating landmass #4
LOG : 11:35:38  ----  Continent Okiaga
LOG : 11:35:38  ----  Source: 82,57
LOG : 11:35:38  ----  Size: 112
LOG : 11:35:38  ----  Target coverage: 0.6152517480351846
LOG : 11:35:38  ----  Mt:0.34180652668621364, Fr:0.2734452213489709, Wl:0.0
LOG : 11:35:38  ----  heat:0.5, wetness:0.06789583754728779, flatness:0.49316291548142865, corruption:0.3277545061384972
LOG : 11:35:38  ----  Landmass generated in 0.032 sec
LOG : 11:35:38  ----  Generating landmass #5
LOG : 11:35:38  ----  Continent Iema
LOG : 11:35:38  ----  Source: 150,119
LOG : 11:35:38  ----  Size: 593
LOG : 11:35:38  ----  Target coverage: 0.8157125764321688
LOG : 11:35:38  ----  Mt:0.4531736535734271, Fr:0.3625389228587417, Wl:0.0
LOG : 11:35:38  ----  heat:0.5, wetness:0.0920405788485742, flatness:0.33604303814479874, corruption:0.1870800949623409
LOG : 11:35:38  ----  Landmass generated in 0.053 sec
LOG : 11:35:38  ----  Generating landmass #6
LOG : 11:35:38  ----  Continent Ogha
LOG : 11:35:38  ----  Source: 29,57
LOG : 11:35:38  ----  Size: 362
LOG : 11:35:38  ----  Target coverage: 0.9411000533265068
LOG : 11:35:38  ----  Mt:0.15685000888775114, Fr:0.0, Wl:0.7842500444387557
LOG : 11:35:38  ----  heat:0.5, wetness:0.03363811026390662, flatness:0.9278787490451499, corruption:0.9108350168464667
LOG : 11:35:38  ----  Landmass generated in 0.034 sec
LOG : 11:35:38  ----  Generating landmass #7
LOG : 11:35:38  ----  Continent Sousa
LOG : 11:35:38  ----  Source: 127,11
LOG : 11:35:38  ----  Size: 161
LOG : 11:35:38  ----  Target coverage: 0.6305689123937921
LOG : 11:35:38  ----  Mt:0.10509481873229867, Fr:0.0, Wl:0.5254740936614934
LOG : 11:35:38  ----  heat:0.5, wetness:0.14488942595612453, flatness:0.0585966053818503, corruption:0.9521455016750168
LOG : 11:35:38  ----  Landmass generated in 0.126 sec
LOG : 11:35:38  ----  Generating landmass #8
LOG : 11:35:38  ----  Continent Chita
LOG : 11:35:38  ----  Source: 225,34
LOG : 11:35:38  ----  Size: 195
LOG : 11:35:38  ----  Target coverage: 0.35679780351705476
LOG : 11:35:38  ----  Mt:0.14866575146543948, Fr:0.05946630058617579, Wl:0.14866575146543948
LOG : 11:35:38  ----  heat:0.5, wetness:0.25016855900733936, flatness:0.2075163155509021, corruption:0.24189873680285612
LOG : 11:35:38  ----  Landmass generated in 0.038 sec
LOG : 11:35:38  ----  Generating landmass #9
LOG : 11:35:38  ----  Continent Iusha
LOG : 11:35:38  ----  Source: 161,60
LOG : 11:35:38  ----  Size: 1406
LOG : 11:35:38  ----  Target coverage: 0.9824157452798649
LOG : 11:35:38  ----  Mt:0.22671132583381498, Fr:0.7557044194460499, Wl:0.0
LOG : 11:35:38  ----  heat:0.5, wetness:0.5535914499650959, flatness:0.2340279538855522, corruption:0.6774606497643374
LOG : 11:35:38  ----  Landmass generated in 0.167 sec
LOG : 11:35:38  ----  Generating landmass #10
LOG : 11:35:38  ----  Continent Iusianta
LOG : 11:35:38  ----  Source: 90,99
LOG : 11:35:38  ----  Size: 844
LOG : 11:35:38  ----  Target coverage: 0.7230494725778019
LOG : 11:35:38  ----  Mt:0.16685757059487738, Fr:0.5561919019829246, Wl:0.0
LOG : 11:35:38  ----  heat:0.5, wetness:0.24345349348677503, flatness:0.21154536632085352, corruption:0.48986031186672696
LOG : 11:35:38  ----  Landmass generated in 0.069 sec
LOG : 11:35:38  ----  Generating landmass #11
LOG : 11:35:38  ----  Continent Iguva
LOG : 11:35:38  ----  Source: 234,1
LOG : 11:35:38  ----  Size: 1582
LOG : 11:35:38  ----  Target coverage: 0.49412320388212705
LOG : 11:35:38  ----  Mt:0.2280568633302125, Fr:0.2280568633302125, Wl:0.03800947722170208
LOG : 11:35:38  ----  heat:0.5, wetness:0.5209168032152395, flatness:0.6555176244988017, corruption:0.1332149522921432
LOG : 11:35:38  ----  Landmass generated in 0.197 sec
LOG : 11:35:38  ----  Generating landmass #12
LOG : 11:35:38  ----  Continent Gaoba
LOG : 11:35:38  ----  Source: 124,77
LOG : 11:35:38  ----  Size: 174
LOG : 11:35:38  ----  Target coverage: 0.7491950695887832
LOG : 11:35:38  ----  Mt:0.12486584493146387, Fr:0.0, Wl:0.6243292246573194
LOG : 11:35:38  ----  heat:0.5, wetness:0.9001195559450941, flatness:0.21468450562045993, corruption:0.21855753681222323
LOG : 11:35:38  ----  Landmass generated in 0.048 sec
LOG : 11:35:38  ----  Generating landmass #13
LOG : 11:35:38  ----  Continent Aebaosla
LOG : 11:35:39  ----  Source: 3,20
LOG : 11:35:39  ----  Size: 1104
LOG : 11:35:39  ----  Target coverage: 0.6372806897575082
LOG : 11:35:39  ----  Mt:0.10621344829291803, Fr:0.0, Wl:0.5310672414645902
LOG : 11:35:39  ----  heat:0.5, wetness:0.0660840513389398, flatness:0.17925990148366344, corruption:0.6022828903885655
LOG : 11:35:39  ----  Landmass generated in 0.098 sec
LOG : 11:35:39  ----  Generating landmass #14
LOG : 11:35:39  ----  Continent Intuga
LOG : 11:35:39  ----  Source: 120,40
LOG : 11:35:39  ----  Size: 144
LOG : 11:35:39  ----  Target coverage: 0.7434211222131886
LOG : 11:35:39  ----  Mt:0.17155872051073584, Fr:0.5718624017024527, Wl:0.0
LOG : 11:35:39  ----  heat:0.5, wetness:0.4988572439428445, flatness:0.176750508752875, corruption:0.8702552673825718
LOG : 11:35:39  ----  Landmass generated in 0.046 sec
LOG : 11:35:39  ----  Generating landmass #15
LOG : 11:35:39  ----  Continent Iufiada
LOG : 11:35:39  ----  Source: 69,70
LOG : 11:35:39  ----  Size: 971
LOG : 11:35:39  ----  Target coverage: 0.5760660430769262
LOG : 11:35:39  ----  Mt:0.26587663526627364, Fr:0.26587663526627364, Wl:0.044312772544378945
LOG : 11:35:39  ----  heat:0.5, wetness:0.4584378327147547, flatness:0.13685775256804467, corruption:0.057081953211035596
LOG : 11:35:39  ----  Landmass generated in 0.088 sec
LOG : 11:35:39  ----  Generating landmass #16
LOG : 11:35:39  ----  Continent Aphuta
LOG : 11:35:39  ----  Source: 133,96
LOG : 11:35:39  ----  Size: 1510
LOG : 11:35:39  ----  Target coverage: 1.0420158006438773
LOG : 11:35:39  ----  Mt:0.3256299377012117, Fr:0.06512598754024233, Wl:0.6512598754024234
LOG : 11:35:39  ----  heat:0.5, wetness:0.5576557581585925, flatness:0.3513435870913292, corruption:0.5278536633738233
LOG : 11:35:39  ----  Landmass generated in 0.186 sec
LOG : 11:35:39  ----  Generating landmass #17
LOG : 11:35:39  ----  Continent Iotunha
LOG : 11:35:39  ----  Source: 100,83
LOG : 11:35:39  ----  Size: 51
LOG : 11:35:39  ----  Target coverage: 0.7988320971390337
LOG : 11:35:39  ----  Mt:0.18434586857054625, Fr:0.6144862285684874, Wl:0.0
LOG : 11:35:39  ----  heat:0.5, wetness:0.8213220340142185, flatness:0.40374762129591446, corruption:0.2687808185997542
LOG : 11:35:39  ----  Landmass generated in 0.05 sec
LOG : 11:35:39  ----  Generating landmass #18
LOG : 11:35:39  ----  Continent Iufoa
LOG : 11:35:39  ----  Source: 2,53
LOG : 11:35:39  ----  Size: 294
LOG : 11:35:39  ----  Target coverage: 0.4101833873407481
LOG : 11:35:39  ----  Mt:0.18931540954188375, Fr:0.18931540954188375, Wl:0.03155256825698063
LOG : 11:35:39  ----  heat:0.5, wetness:0.7257427765290329, flatness:0.8966592746756834, corruption:0.8212135767953381
LOG : 11:35:39  ----  Landmass generated in 0.049 sec
LOG : 11:35:39  ----  Generating landmass #19
LOG : 11:35:39  ----  Continent Ipoa
LOG : 11:35:39  ----  Source: 237,89
LOG : 11:35:39  ----  Size: 1388
LOG : 11:35:39  ----  Target coverage: 0.9537721449626384
LOG : 11:35:39  ----  Mt:0.15896202416043972, Fr:0.0, Wl:0.7948101208021987
LOG : 11:35:39  ----  heat:0.5, wetness:0.017432552516665978, flatness:0.8474921618576192, corruption:0.19077340499878148
LOG : 11:35:39  ----  Landmass generated in 0.149 sec
LOG : 11:35:39  ----  Adding transitional hexes
LOG : 11:35:39  ----  Transitional hexes done in 0.014 sec
LOG : 11:35:39  ----  Assimilating adjacent hexes
LOG : 11:35:39  ----  Assimilation done in 0.0 sec
LOG : 11:35:39  ----  Adding points of interest
LOG : 11:35:39  ----  Points of interested added in 0.082 sec
LOG : 11:35:39  ----  Generating factions
LOG : 11:35:39  ----  Loaded race enum ORC
LOG : 11:35:39  ----  Loaded race enum HUMAN
LOG : 11:35:39  ----  Loaded race enum ELF
LOG : 11:35:39  ----  Loaded race enum DWARF
LOG : 11:35:39  ----  Loaded race enum GOBLIN
LOG : 11:35:39  ----  Loaded race enum HOBGOBLIN
LOG : 11:35:39  ----  Loaded race enum LIZARDFOLK
LOG : 11:35:39  ----  Loaded faction type enum DESPOTIC
LOG : 11:35:39  ----  Loaded faction type enum HEGEMONIC
LOG : 11:35:40  ----  Loaded faction type enum IMPERIAL
LOG : 11:35:40  ----  Loaded faction type enum OLEGARCHIC
LOG : 11:35:40  ----  Loaded faction type enum RELIGIOUS
LOG : 11:35:40  ----  Loaded faction type enum TRIBAL
LOG : 11:35:40  ----  Generated faction 'Realm of Drake's Hamlet' at 35,12 as a Human Realm
LOG : 11:35:40  ----  Generated faction 'Imperium of Sharpsdale Hill' at 220,106 as a Human Imperium
LOG : 11:35:40  ----  Generated faction 'Realm of Dordot's Hold' at 229,100 as a Hobgoblin Realm
LOG : 11:35:40  ----  Generated faction 'Order of Laxkabbo' at 208,103 as a Lizardfolk Order
LOG : 11:35:40  ----  Generated faction 'Temple of Kahkolatu' at 211,125 as a Lizardfolk Temple
LOG : 11:35:40  ----  Generated faction 'Temple of Thanver' at 186,92 as a Elf Order
LOG : 11:35:40  ----  Generated faction 'Tribes of Horkath Hold' at 146,108 as a Goblin Clans
LOG : 11:35:40  ----  Generated faction 'Warbands of Gukgolcer' at 141,127 as a Orc Warbands
LOG : 11:35:40  ----  Generated faction 'Olegarchy of Lunverian' at 157,62 as a Elf Republic
LOG : 11:35:40  ----  Generated faction 'Order of Sharpsburg' at 151,63 as a Human Order
LOG : 11:35:40  ----  Generated faction 'Nation of Hormoth Hold' at 177,70 as a Goblin Clans
LOG : 11:35:40  ----  Generated faction 'Imperium of Colwater' at 159,76 as a Human Imperium
LOG : 11:35:40  ----  Generated faction 'Clans of Bolkath Hold' at 168,66 as a Goblin Tribes
LOG : 11:35:40  ----  Generated faction 'Kingdom of Munlorial' at 199,7 as a Elf Kingdom
LOG : 11:35:40  ----  Generated faction 'City-States of Luther's Hold' at 239,13 as a Human City-States
LOG : 11:35:40  ----  Generated faction 'Kingdom of Munverian' at 251,19 as a Elf Kingdom
LOG : 11:35:40  ----  Generated faction 'Nation of Vi'kath Hold' at 10,2 as a Goblin Clans
LOG : 11:35:40  ----  Generated faction 'Republic of Lothdon' at 54,78 as a Elf Olegarchy
LOG : 11:35:40  ----  Generated faction 'Temple of Mundonien' at 75,62 as a Elf Order
LOG : 11:35:40  ----  Generated faction 'Clans of Gol-bro' at 135,98 as a Orc Nation
LOG : 11:35:40  ----  Generated faction 'Olegarchy of Derkath' at 116,102 as a Hobgoblin Olegarchy
LOG : 11:35:40  ----  Generated faction 'Olegarchy of Brar's Doom' at 130,93 as a Dwarf Olegarchy
LOG : 11:35:40  ----  Generated faction 'Temple of Halad's Keep' at 126,121 as a Dwarf Temple
LOG : 11:35:40  ----  Generated faction 'Free Cities of Laxalbo' at 121,103 as a Lizardfolk Free States
LOG : 11:35:40  ----  Generated faction 'Order of Mundon' at 250,49 as a Elf Temple
LOG : 11:35:40  ----  Generated faction 'Order of Horko Hold' at 245,80 as a Hobgoblin Temple
LOG : 11:35:40  ----  Generated faction 'Kingdom of Viko Hold' at 8,88 as a Hobgoblin Kingdom
LOG : 11:35:40  ----  Generated faction 'Nation of Gun-vrocer' at 239,84 as a Orc Warbands
LOG : 11:35:40  ----  Generated faction 'Imperium of Timberchester Wake' at 237,65 as a Human Imperium
LOG : 11:35:40  ----  Generated faction 'Warbands of Derkath Keep' at 250,96 as a Hobgoblin Warbands
LOG : 11:35:40  ----  Generated faction 'Olegarchy of Wahor's Keep' at 0,96 as a Hobgoblin Republic
LOG : 11:35:41  ----  Factions generated in 1.563 sec
LOG : 11:35:41  ----  Map generated in 3.837 sec
LOG : 13:26:59  ----  Starting ...
LOG : 13:27:05  ----  Generating map...
LOG : 13:27:05  ----  Initializing...
LOG : 13:27:05  ----  Generating landmasses
LOG : 13:27:05  ----  Generating landmass #1
LOG : 13:27:05  ----  Continent Euwua
LOG : 13:27:05  ----  Source: 179,12
LOG : 13:27:05  ----  Size: 1572
LOG : 13:27:05  ----  Target coverage: 0.40353878927763004
LOG : 13:27:05  ----  Mt:0.1862486719742908, Fr:0.1862486719742908, Wl:0.031041445329048466
LOG : 13:27:05  ----  heat:0.5, wetness:0.7009182299237569, flatness:0.3883806309401534, corruption:0.11622577659940891
LOG : 13:27:05  ----  Landmass generated in 0.218 sec
LOG : 13:27:05  ----  Generating landmass #2
LOG : 13:27:05  ----  Continent Saopa
LOG : 13:27:05  ----  Source: 141,60
LOG : 13:27:05  ----  Size: 591
LOG : 13:27:05  ----  Target coverage: 0.6843170024228812
LOG : 13:27:05  ----  Mt:0.15791930825143413, Fr:0.5263976941714471, Wl:0.0
LOG : 13:27:05  ----  heat:0.5, wetness:0.6426272766167008, flatness:0.5829241859568686, corruption:0.2584789047333266
LOG : 13:27:05  ----  Landmass generated in 0.059 sec
LOG : 13:27:05  ----  Generating landmass #3
LOG : 13:27:05  ----  Continent Unuaka
LOG : 13:27:05  ----  Source: 127,41
LOG : 13:27:05  ----  Size: 1221
LOG : 13:27:05  ----  Target coverage: 0.7163192736749067
LOG : 13:27:05  ----  Mt:0.39795515204161486, Fr:0.3183641216332918, Wl:0.0
LOG : 13:27:05  ----  heat:0.5, wetness:0.5653887593033604, flatness:0.5253429194544729, corruption:0.47470592682285584
LOG : 13:27:05  ----  Landmass generated in 0.119 sec
LOG : 13:27:05  ----  Generating landmass #4
LOG : 13:27:06  ----  Continent Iusea
LOG : 13:27:06  ----  Source: 31,123
LOG : 13:27:06  ----  Size: 1088
LOG : 13:27:06  ----  Target coverage: 0.3465050001664614
LOG : 13:27:06  ----  Mt:0.14437708340269226, Fr:0.0577508333610769, Wl:0.14437708340269226
LOG : 13:27:06  ----  heat:0.5, wetness:0.6185639878993443, flatness:0.4077397355264598, corruption:0.7705798597899419
LOG : 13:27:06  ----  Landmass generated in 0.112 sec
LOG : 13:27:06  ----  Generating landmass #5
LOG : 13:27:06  ----  Continent Ciovra
LOG : 13:27:06  ----  Source: 247,4
LOG : 13:27:06  ----  Size: 986
LOG : 13:27:06  ----  Target coverage: 0.7154703659147966
LOG : 13:27:06  ----  Mt:0.1651085459803377, Fr:0.550361819934459, Wl:0.0
LOG : 13:27:06  ----  heat:0.5, wetness:0.5447114839014143, flatness:0.11056766119219363, corruption:0.24665532271769752
LOG : 13:27:06  ----  Landmass generated in 0.11 sec
LOG : 13:27:06  ----  Generating landmass #6
LOG : 13:27:06  ----  Continent Uvrioga
LOG : 13:27:06  ----  Source: 174,78
LOG : 13:27:06  ----  Size: 81
LOG : 13:27:06  ----  Target coverage: 0.5375994408325351
LOG : 13:27:06  ----  Mt:0.24812281884578544, Fr:0.24812281884578544, Wl:0.04135380314096424
LOG : 13:27:06  ----  heat:0.5, wetness:0.452770681781827, flatness:0.8648135268032776, corruption:0.8048947155693164
LOG : 13:27:06  ----  Landmass generated in 0.035 sec
LOG : 13:27:06  ----  Generating landmass #7
LOG : 13:27:06  ----  Continent Nuaca
LOG : 13:27:06  ----  Source: 102,41
LOG : 13:27:06  ----  Size: 949
LOG : 13:27:06  ----  Target coverage: 0.797397001531691
LOG : 13:27:06  ----  Mt:0.18401469266115947, Fr:0.6133823088705316, Wl:0.0
LOG : 13:27:06  ----  heat:0.5, wetness:0.8984731315587817, flatness:0.3162245325007069, corruption:0.76799878400846
LOG : 13:27:06  ----  Landmass generated in 0.083 sec
LOG : 13:27:06  ----  Generating landmass #8
LOG : 13:27:06  ----  Continent Eitia
LOG : 13:27:06  ----  Source: 248,100
LOG : 13:27:06  ----  Size: 1492
LOG : 13:27:06  ----  Target coverage: 0.46588230516383833
LOG : 13:27:06  ----  Mt:0.21502260238331, Fr:0.21502260238331, Wl:0.03583710039721834
LOG : 13:27:06  ----  heat:0.5, wetness:0.4359029036363834, flatness:0.761647482550155, corruption:0.8308609234160808
LOG : 13:27:06  ----  Landmass generated in 0.151 sec
LOG : 13:27:06  ----  Generating landmass #9
LOG : 13:27:06  ----  Continent Eboa
LOG : 13:27:06  ----  Source: 32,70
LOG : 13:27:06  ----  Size: 366
LOG : 13:27:06  ----  Target coverage: 0.4666925084059965
LOG : 13:27:06  ----  Mt:0.21539654234122918, Fr:0.21539654234122918, Wl:0.035899423723538194
LOG : 13:27:06  ----  heat:0.5, wetness:0.31151543821394767, flatness:0.668866872530272, corruption:0.9546935083749928
LOG : 13:27:06  ----  Landmass generated in 0.04 sec
LOG : 13:27:06  ----  Generating landmass #10
LOG : 13:27:06  ----  Continent Acha
LOG : 13:27:06  ----  Source: 219,82
LOG : 13:27:06  ----  Size: 1060
LOG : 13:27:06  ----  Target coverage: 1.0215747390386134
LOG : 13:27:06  ----  Mt:0.3192421059495667, Fr:0.06384842118991334, Wl:0.6384842118991334
LOG : 13:27:06  ----  heat:0.5, wetness:0.13113255016496939, flatness:0.082926387576989, corruption:0.034331654922090116
LOG : 13:27:06  ----  Landmass generated in 0.091 sec
LOG : 13:27:06  ----  Generating landmass #11
LOG : 13:27:06  ----  Continent Eoweuva
LOG : 13:27:06  ----  Source: 51,80
LOG : 13:27:06  ----  Size: 1340
LOG : 13:27:06  ----  Target coverage: 0.37735409737401276
LOG : 13:27:06  ----  Mt:0.15723087390583865, Fr:0.06289234956233546, Wl:0.15723087390583865
LOG : 13:27:06  ----  heat:0.5, wetness:0.9488094304609643, flatness:0.3703747940014058, corruption:0.8825183855324085
LOG : 13:27:06  ----  Landmass generated in 0.131 sec
LOG : 13:27:06  ----  Generating landmass #12
LOG : 13:27:06  ----  Continent Wugha
LOG : 13:27:06  ----  Source: 241,126
LOG : 13:27:06  ----  Size: 1340
LOG : 13:27:06  ----  Target coverage: 0.7312713091880894
LOG : 13:27:06  ----  Mt:0.4062618384378274, Fr:0.32500947075026193, Wl:0.0
LOG : 13:27:06  ----  heat:0.5, wetness:0.6623077782968144, flatness:0.07456242977953853, corruption:0.01523047914457032
LOG : 13:27:06  ----  Landmass generated in 0.125 sec
LOG : 13:27:06  ----  Generating landmass #13
LOG : 13:27:07  ----  Continent Kheda
LOG : 13:27:07  ----  Source: 59,58
LOG : 13:27:07  ----  Size: 1313
LOG : 13:27:07  ----  Target coverage: 0.6473383310943623
LOG : 13:27:07  ----  Mt:0.35963240616353465, Fr:0.2877059249308277, Wl:0.0
LOG : 13:27:07  ----  heat:0.5, wetness:0.5940927981593923, flatness:0.057747479775943744, corruption:0.877912827822598
LOG : 13:27:07  ----  Landmass generated in 0.121 sec
LOG : 13:27:07  ----  Adding transitional hexes
LOG : 13:27:07  ----  Transitional hexes done in 0.008 sec
LOG : 13:27:07  ----  Assimilating adjacent hexes
LOG : 13:27:07  ----  Assimilation done in 0.0 sec
LOG : 13:27:07  ----  Adding points of interest
LOG : 13:27:07  ----  Points of interested added in 0.033 sec
LOG : 13:27:07  ----  Generating factions
LOG : 13:27:07  ----  Loaded race enum ORC
LOG : 13:27:07  ----  Loaded race enum HUMAN
LOG : 13:27:07  ----  Loaded race enum ELF
LOG : 13:27:07  ----  Loaded race enum DWARF
LOG : 13:27:07  ----  Loaded race enum GOBLIN
LOG : 13:27:07  ----  Loaded race enum HOBGOBLIN
LOG : 13:27:07  ----  Loaded race enum LIZARDFOLK
ERR : 13:27:07  ----  Exception FileNotFoundException caught at game.data.world.FactionTypeEnum @ <init> ln:54
ERR : 13:27:07  ----  Exception message: res\data\factions\despotic.fact (The system cannot find the path specified)
LOG : 13:27:07  ----  Loaded faction type enum DESPOTIC
ERR : 13:27:07  ----  Exception FileNotFoundException caught at game.data.world.FactionTypeEnum @ <init> ln:54
ERR : 13:27:07  ----  Exception message: res\data\factions\hegemonic.fact (The system cannot find the path specified)
LOG : 13:27:07  ----  Loaded faction type enum HEGEMONIC
ERR : 13:27:07  ----  Exception FileNotFoundException caught at game.data.world.FactionTypeEnum @ <init> ln:54
ERR : 13:27:07  ----  Exception message: res\data\factions\imperial.fact (The system cannot find the path specified)
LOG : 13:27:07  ----  Loaded faction type enum IMPERIAL
ERR : 13:27:07  ----  Exception FileNotFoundException caught at game.data.world.FactionTypeEnum @ <init> ln:54
ERR : 13:27:07  ----  Exception message: res\data\factions\olegarchic.fact (The system cannot find the path specified)
LOG : 13:27:07  ----  Loaded faction type enum OLEGARCHIC
ERR : 13:27:07  ----  Exception FileNotFoundException caught at game.data.world.FactionTypeEnum @ <init> ln:54
ERR : 13:27:07  ----  Exception message: res\data\factions\religious.fact (The system cannot find the path specified)
LOG : 13:27:07  ----  Loaded faction type enum RELIGIOUS
ERR : 13:27:07  ----  Exception FileNotFoundException caught at game.data.world.FactionTypeEnum @ <init> ln:54
ERR : 13:27:07  ----  Exception message: res\data\factions\tribal.fact (The system cannot find the path specified)
LOG : 13:27:07  ----  Loaded faction type enum TRIBAL
LOG : 13:27:57  ----  Starting ...
LOG : 13:28:02  ----  Generating map...
LOG : 13:28:02  ----  Initializing...
LOG : 13:28:02  ----  Generating landmasses
LOG : 13:28:02  ----  Generating landmass #1
LOG : 13:28:02  ----  Continent Coapha
LOG : 13:28:02  ----  Source: 29,115
LOG : 13:28:02  ----  Size: 380
LOG : 13:28:02  ----  Target coverage: 0.922814235017203
LOG : 13:28:02  ----  Mt:0.21295713115781612, Fr:0.709857103859387, Wl:0.0
LOG : 13:28:02  ----  heat:0.5, wetness:0.2522700096926913, flatness:0.6162871702540115, corruption:0.024183082814139167
LOG : 13:28:03  ----  Landmass generated in 0.103 sec
LOG : 13:28:03  ----  Generating landmass #2
LOG : 13:28:03  ----  Continent Braesta
LOG : 13:28:03  ----  Source: 30,0
LOG : 13:28:03  ----  Size: 1514
LOG : 13:28:03  ----  Target coverage: 0.8600902304306595
LOG : 13:28:03  ----  Mt:0.14334837173844323, Fr:0.0, Wl:0.7167418586922163
LOG : 13:28:03  ----  heat:0.5, wetness:0.7158603094748741, flatness:0.9488670313130625, corruption:0.7281503495252721
LOG : 13:28:03  ----  Landmass generated in 0.173 sec
LOG : 13:28:03  ----  Generating landmass #3
LOG : 13:28:03  ----  Continent Eophiosa
LOG : 13:28:03  ----  Source: 76,107
LOG : 13:28:03  ----  Size: 816
LOG : 13:28:03  ----  Target coverage: 0.49381609184862996
LOG : 13:28:03  ----  Mt:0.2279151193147523, Fr:0.2279151193147523, Wl:0.037985853219125384
LOG : 13:28:03  ----  heat:0.5, wetness:0.99465594695844, flatness:0.3201476222715729, corruption:0.9231143869268656
LOG : 13:28:03  ----  Landmass generated in 0.066 sec
LOG : 13:28:03  ----  Generating landmass #4
LOG : 13:28:03  ----  Continent Wuphia
LOG : 13:28:03  ----  Source: 27,58
LOG : 13:28:03  ----  Size: 203
LOG : 13:28:03  ----  Target coverage: 0.6746484326904139
LOG : 13:28:03  ----  Mt:0.15568809985163398, Fr:0.51896033283878, Wl:0.0
LOG : 13:28:03  ----  heat:0.5, wetness:0.44075915228484464, flatness:0.64003544904585, corruption:0.14484968952305954
LOG : 13:28:03  ----  Landmass generated in 0.038 sec
LOG : 13:28:03  ----  Generating landmass #5
LOG : 13:28:03  ----  Continent Khiema
LOG : 13:28:03  ----  Source: 141,75
LOG : 13:28:03  ----  Size: 1554
LOG : 13:28:03  ----  Target coverage: 0.7036136237526684
LOG : 13:28:03  ----  Mt:0.16237237471215427, Fr:0.5412412490405142, Wl:0.0
LOG : 13:28:03  ----  heat:0.5, wetness:0.04715942650471383, flatness:0.45284558508838146, corruption:0.766060275414768
LOG : 13:28:03  ----  Landmass generated in 0.169 sec
LOG : 13:28:03  ----  Generating landmass #6
LOG : 13:28:03  ----  Continent Eobouwa
LOG : 13:28:03  ----  Source: 109,33
LOG : 13:28:03  ----  Size: 1360
LOG : 13:28:03  ----  Target coverage: 0.3172527365531166
LOG : 13:28:03  ----  Mt:0.13218864023046525, Fr:0.05287545609218609, Wl:0.13218864023046525
LOG : 13:28:03  ----  heat:0.5, wetness:0.056027708865415415, flatness:0.3429311896436297, corruption:0.17013357458435818
LOG : 13:28:03  ----  Landmass generated in 0.126 sec
LOG : 13:28:03  ----  Generating landmass #7
LOG : 13:28:03  ----  Continent Iapheoba
LOG : 13:28:03  ----  Source: 99,86
LOG : 13:28:03  ----  Size: 39
LOG : 13:28:03  ----  Target coverage: 0.6793451290530741
LOG : 13:28:03  ----  Mt:0.15677195285840173, Fr:0.5225731761946724, Wl:0.0
LOG : 13:28:03  ----  heat:0.5, wetness:0.12639223621836604, flatness:0.6500142412083776, corruption:0.7120889926429861
LOG : 13:28:03  ----  Landmass generated in 0.05 sec
LOG : 13:28:03  ----  Generating landmass #8
LOG : 13:28:03  ----  Continent Deowia
LOG : 13:28:03  ----  Source: 229,4
LOG : 13:28:03  ----  Size: 1430
LOG : 13:28:03  ----  Target coverage: 0.508663332670215
LOG : 13:28:03  ----  Mt:0.23476769200163772, Fr:0.23476769200163772, Wl:0.03912794866693962
LOG : 13:28:03  ----  heat:0.5, wetness:0.6621161101467552, flatness:0.679116762881001, corruption:0.285845113507317
LOG : 13:28:03  ----  Landmass generated in 0.185 sec
LOG : 13:28:03  ----  Generating landmass #9
LOG : 13:28:03  ----  Continent Moupa
LOG : 13:28:03  ----  Source: 28,86
LOG : 13:28:03  ----  Size: 1066
LOG : 13:28:03  ----  Target coverage: 0.8694397001617706
LOG : 13:28:04  ----  Mt:0.20063993080656248, Fr:0.6687997693552082, Wl:0.0
LOG : 13:28:04  ----  heat:0.5, wetness:0.7088202950195207, flatness:0.7248151824648561, corruption:0.0806647514586637
LOG : 13:28:04  ----  Landmass generated in 0.092 sec
LOG : 13:28:04  ----  Generating landmass #10
LOG : 13:28:04  ----  Continent Aobia
LOG : 13:28:04  ----  Source: 131,19
LOG : 13:28:04  ----  Size: 1570
LOG : 13:28:04  ----  Target coverage: 0.81926701202122
LOG : 13:28:04  ----  Mt:0.4551483400117889, Fr:0.3641186720094311, Wl:0.0
LOG : 13:28:04  ----  heat:0.5, wetness:0.2764529686909746, flatness:0.5211351983284624, corruption:0.36434327169248526
LOG : 13:28:04  ----  Landmass generated in 0.167 sec
LOG : 13:28:04  ----  Generating landmass #11
LOG : 13:28:04  ----  Continent Briaka
LOG : 13:28:04  ----  Source: 86,12
LOG : 13:28:04  ----  Size: 349
LOG : 13:28:04  ----  Target coverage: 0.3513007483013781
LOG : 13:28:04  ----  Mt:0.14637531179224086, Fr:0.05855012471689634, Wl:0.14637531179224086
LOG : 13:28:04  ----  heat:0.5, wetness:0.8221059821665482, flatness:0.7869634246149639, corruption:0.9860191739237594
LOG : 13:28:04  ----  Landmass generated in 0.045 sec
LOG : 13:28:04  ----  Generating landmass #12
LOG : 13:28:04  ----  Continent Keuta
LOG : 13:28:04  ----  Source: 60,39
LOG : 13:28:04  ----  Size: 1305
LOG : 13:28:04  ----  Target coverage: 0.7772181822407287
LOG : 13:28:04  ----  Mt:0.24288068195022772, Fr:0.04857613639004554, Wl:0.48576136390045543
LOG : 13:28:04  ----  heat:0.5, wetness:0.5685012948333117, flatness:0.9845129436955842, corruption:0.10672280506051401
LOG : 13:28:04  ----  Landmass generated in 0.119 sec
LOG : 13:28:04  ----  Generating landmass #13
LOG : 13:28:04  ----  Continent Vaova
LOG : 13:28:04  ----  Source: 198,70
LOG : 13:28:04  ----  Size: 1047
LOG : 13:28:04  ----  Target coverage: 0.2558156587467548
LOG : 13:28:04  ----  Mt:0.10658985781114785, Fr:0.04263594312445913, Wl:0.10658985781114785
LOG : 13:28:04  ----  heat:0.5, wetness:0.039758562613373405, flatness:0.427461331970973, corruption:0.200270784961457
LOG : 13:28:04  ----  Landmass generated in 0.107 sec
LOG : 13:28:04  ----  Generating landmass #14
LOG : 13:28:04  ----  Continent Vreida
LOG : 13:28:04  ----  Source: 60,116
LOG : 13:28:04  ----  Size: 1490
LOG : 13:28:04  ----  Target coverage: 0.4118113554792643
LOG : 13:28:04  ----  Mt:0.19006677945196815, Fr:0.19006677945196815, Wl:0.03167779657532802
LOG : 13:28:04  ----  heat:0.5, wetness:0.01506061939997383, flatness:0.8194205565665927, corruption:0.9599808467168568
LOG : 13:28:04  ----  Landmass generated in 0.151 sec
LOG : 13:28:04  ----  Adding transitional hexes
LOG : 13:28:04  ----  Transitional hexes done in 0.009 sec
LOG : 13:28:04  ----  Assimilating adjacent hexes
LOG : 13:28:04  ----  Assimilation done in 0.0 sec
LOG : 13:28:04  ----  Adding points of interest
LOG : 13:28:04  ----  Points of interested added in 0.022 sec
LOG : 13:28:04  ----  Generating factions
LOG : 13:28:04  ----  Loaded race enum ORC
LOG : 13:28:04  ----  Loaded race enum HUMAN
LOG : 13:28:04  ----  Loaded race enum ELF
LOG : 13:28:04  ----  Loaded race enum DWARF
LOG : 13:28:04  ----  Loaded race enum GOBLIN
LOG : 13:28:04  ----  Loaded race enum HOBGOBLIN
LOG : 13:28:04  ----  Loaded race enum LIZARDFOLK
LOG : 13:28:04  ----  Loaded faction type enum DESPOTIC
LOG : 13:28:04  ----  Loaded faction type enum HEGEMONIC
LOG : 13:28:04  ----  Loaded faction type enum IMPERIAL
LOG : 13:28:04  ----  Loaded faction type enum OLEGARCHIC
LOG : 13:28:04  ----  Loaded faction type enum RELIGIOUS
LOG : 13:28:04  ----  Loaded faction type enum TRIBAL
LOG : 13:28:04  ----  Generated faction 'Tribes of Taxkolbo' at 36,114 as a Lizardfolk Tribes
LOG : 13:28:04  ----  Generated faction 'Clans of Ulpahtha' at 25,30 as a Orc Tribes
LOG : 13:28:04  ----  Generated faction 'Nation of Guk-vro' at 27,8 as a Orc Tribes
LOG : 13:28:04  ----  Generated faction 'Empire of Shropsdale' at 49,11 as a Human Imperium
LOG : 13:28:04  ----  Generated faction 'Kingdom of Wagob's Hold' at 13,14 as a Hobgoblin Realm
LOG : 13:28:04  ----  Generated faction 'Temple of Viko' at 55,1 as a Hobgoblin Temple
LOG : 13:28:04  ----  Generated faction 'Empire of Mithhost' at 77,116 as a Dwarf Empire
LOG : 13:28:04  ----  Generated faction 'Olegarchy of Lundoniel' at 71,108 as a Elf Republic
LOG : 13:28:04  ----  Generated faction 'Kingdom of Monverien' at 74,101 as a Elf Realm
LOG : 13:28:04  ----  Generated faction 'Free States of Kalaxbo' at 133,80 as a Lizardfolk Commonwealth
LOG : 13:28:04  ----  Generated faction 'Empire of Thanlor' at 140,68 as a Elf Imperium
LOG : 13:28:04  ----  Generated faction 'Order of Thandonial' at 140,88 as a Elf Temple
LOG : 13:28:04  ----  Generated faction 'Free States of Kahahnatu' at 143,77 as a Lizardfolk Commonwealth
LOG : 13:28:04  ----  Generated faction 'Temple of Munlor' at 156,85 as a Elf Temple
LOG : 13:28:04  ----  Generated faction 'Nation of Horkath Hold' at 104,14 as a Goblin Clans
LOG : 13:28:04  ----  Generated faction 'Imperium of Lothlorian' at 206,13 as a Elf Imperium
LOG : 13:28:04  ----  Generated faction 'Empire of Lethverian' at 229,26 as a Elf Imperium
LOG : 13:28:05  ----  Generated faction 'Free States of Taxkolbo' at 224,26 as a Lizardfolk Free Cities
LOG : 13:28:05  ----  Generated faction 'Imperium of Laxaxatu' at 215,13 as a Lizardfolk Imperium
LOG : 13:28:05  ----  Generated faction 'Olegarchy of Dughold' at 219,15 as a Dwarf Republic
LOG : 13:28:05  ----  Generated faction 'Realm of Mondon' at 18,78 as a Elf Kingdom
LOG : 13:28:05  ----  Generated faction 'Temple of Kahalatu' at 31,93 as a Lizardfolk Order
LOG : 13:28:05  ----  Generated faction 'Temple of Hobgol's Keep' at 119,6 as a Hobgoblin Temple
LOG : 13:28:05  ----  Generated faction 'Order of Viko' at 126,18 as a Hobgoblin Temple
LOG : 13:28:05  ----  Generated faction 'Clans of Azhaxatu' at 69,13 as a Lizardfolk Clans
LOG : 13:28:05  ----  Generated faction 'Realm of Dorot's Keep' at 65,51 as a Hobgoblin Realm
LOG : 13:28:05  ----  Generated faction 'Warbands of Guk-brokra' at 68,26 as a Orc Tribes
LOG : 13:28:05  ----  Generated faction 'Nation of Golbahtha' at 73,18 as a Orc Nation
LOG : 13:28:05  ----  Generated faction 'Tribes of Vikath Hold' at 59,30 as a Goblin Clans
LOG : 13:28:05  ----  Generated faction 'Order of Randall's Grace' at 198,54 as a Human Order
LOG : 13:28:05  ----  Generated faction 'Olegarchy of Hobdog's Keep' at 189,83 as a Hobgoblin Olegarchy
LOG : 13:28:05  ----  Generated faction 'Free States of Wade's Keep' at 64,76 as a Human Commonwealth
LOG : 13:28:05  ----  Generated faction 'Commonwealth of Lundon' at 69,85 as a Elf Free Cities
LOG : 13:28:05  ----  Generated faction 'Olegarchy of Whitebane Field' at 51,119 as a Human Olegarchy
LOG : 13:28:05  ----  Generated faction 'Imperium of Azhaxbo' at 56,127 as a Lizardfolk Imperium
LOG : 13:28:06  ----  Factions generated in 1.451 sec
LOG : 13:28:06  ----  Map generated in 3.346 sec
