LOG : 18:06:26  ----  Starting ...
LOG : 18:06:35  ----  Generating map...
LOG : 18:06:35  ----  Initializing...
LOG : 18:06:35  ----  Generating landmasses
LOG : 18:06:35  ----  Generating landmass #1
LOG : 18:06:35  ----  Continent Eila
LOG : 18:06:35  ----  Source: 48,61
LOG : 18:06:35  ----  Size: 318
LOG : 18:06:35  ----  Target coverage: 0.7872946543269386
LOG : 18:06:35  ----  Mt:0.18168338176775506, Fr:0.6056112725591836, Wl:0.0
LOG : 18:06:35  ----  heat:0.5, wetness:0.695189868923756, flatness:0.46062563359797615, corruption:0.4102659444977924
LOG : 18:06:35  ----  Landmass generated in 0.033 sec
LOG : 18:06:35  ----  Generating landmass #2
LOG : 18:06:35  ----  Continent Soava
LOG : 18:06:35  ----  Source: 193,115
LOG : 18:06:35  ----  Size: 845
LOG : 18:06:35  ----  Target coverage: 0.9656370238290339
LOG : 18:06:35  ----  Mt:0.16093950397150564, Fr:0.0, Wl:0.8046975198575284
LOG : 18:06:35  ----  heat:0.5, wetness:0.8633624292652943, flatness:0.5732040533918703, corruption:0.2070822225521216
LOG : 18:06:35  ----  Landmass generated in 0.065 sec
LOG : 18:06:35  ----  Generating landmass #3
LOG : 18:06:35  ----  Continent Aogia
LOG : 18:06:35  ----  Source: 198,43
LOG : 18:06:35  ----  Size: 395
LOG : 18:06:35  ----  Target coverage: 0.7647768548001841
LOG : 18:06:35  ----  Mt:0.127462809133364, Fr:0.0, Wl:0.6373140456668202
LOG : 18:06:35  ----  heat:0.5, wetness:0.6034308876885134, flatness:0.36171132967429487, corruption:0.9807568490167021
LOG : 18:06:35  ----  Landmass generated in 0.008 sec
LOG : 18:06:35  ----  Generating landmass #4
LOG : 18:06:35  ----  Continent Iacouma
LOG : 18:06:35  ----  Source: 154,93
LOG : 18:06:35  ----  Size: 185
LOG : 18:06:35  ----  Target coverage: 0.6453046647813739
LOG : 18:06:35  ----  Mt:0.20165770774417935, Fr:0.04033154154883587, Wl:0.4033154154883587
LOG : 18:06:35  ----  heat:0.5, wetness:0.7571166520158178, flatness:0.053545803024892424, corruption:0.9539387705716129
LOG : 18:06:35  ----  Landmass generated in 0.003 sec
LOG : 18:06:35  ----  Generating landmass #5
LOG : 18:06:35  ----  Continent Droaka
LOG : 18:06:35  ----  Source: 95,4
LOG : 18:06:35  ----  Size: 1174
LOG : 18:06:35  ----  Target coverage: 0.5030732487907321
LOG : 18:06:35  ----  Mt:0.23218765328803023, Fr:0.23218765328803023, Wl:0.0386979422146717
LOG : 18:06:35  ----  heat:0.5, wetness:0.28409540322284854, flatness:0.6462304434157301, corruption:0.13691614067044788
LOG : 18:06:35  ----  Landmass generated in 0.067 sec
LOG : 18:06:35  ----  Generating landmass #6
LOG : 18:06:35  ----  Continent Itida
LOG : 18:06:35  ----  Source: 177,15
LOG : 18:06:35  ----  Size: 1015
LOG : 18:06:35  ----  Target coverage: 0.6585094147519717
LOG : 18:06:35  ----  Mt:0.3658385637510954, Fr:0.29267085100087625, Wl:0.0
LOG : 18:06:35  ----  heat:0.5, wetness:0.8368244203969222, flatness:0.4448778747485874, corruption:0.8572823816246533
LOG : 18:06:35  ----  Landmass generated in 0.039 sec
LOG : 18:06:35  ----  Generating landmass #7
LOG : 18:06:35  ----  Continent Iuchaotha
LOG : 18:06:35  ----  Source: 29,9
LOG : 18:06:35  ----  Size: 390
LOG : 18:06:35  ----  Target coverage: 0.9753350821923121
LOG : 18:06:35  ----  Mt:0.22507732665976435, Fr:0.7502577555325478, Wl:0.0
LOG : 18:06:35  ----  heat:0.5, wetness:0.39060485149899593, flatness:0.11213890248285663, corruption:0.9434052571355865
LOG : 18:06:35  ----  Landmass generated in 0.018 sec
LOG : 18:06:35  ----  Generating landmass #8
LOG : 18:06:35  ----  Continent Caeba
LOG : 18:06:35  ----  Source: 27,100
LOG : 18:06:35  ----  Size: 1443
LOG : 18:06:35  ----  Target coverage: 0.63130685267016
LOG : 18:06:35  ----  Mt:0.10521780877835998, Fr:0.0, Wl:0.5260890438918
LOG : 18:06:35  ----  heat:0.5, wetness:0.2488955102635999, flatness:0.7260953763652621, corruption:0.2090109375056428
LOG : 18:06:35  ----  Landmass generated in 0.084 sec
LOG : 18:06:35  ----  Generating landmass #9
LOG : 18:06:35  ----  Continent Wreobria
LOG : 18:06:35  ----  Source: 148,77
LOG : 18:06:35  ----  Size: 1273
LOG : 18:06:35  ----  Target coverage: 0.33353233079802835
LOG : 18:06:35  ----  Mt:0.13897180449917848, Fr:0.05558872179967139, Wl:0.13897180449917848
LOG : 18:06:35  ----  heat:0.5, wetness:0.5735549361573999, flatness:0.4368831223292098, corruption:0.5468201588347054
LOG : 18:06:35  ----  Landmass generated in 0.06 sec
LOG : 18:06:35  ----  Generating landmass #10
LOG : 18:06:35  ----  Continent Edravra
LOG : 18:06:35  ----  Source: 127,58
LOG : 18:06:35  ----  Size: 246
LOG : 18:06:35  ----  Target coverage: 0.8886853879486369
LOG : 18:06:35  ----  Mt:0.49371410441590946, Fr:0.3949712835327275, Wl:0.0
LOG : 18:06:35  ----  heat:0.5, wetness:0.8882403612123831, flatness:0.6247852465931766, corruption:0.07167790315819245
LOG : 18:06:35  ----  Landmass generated in 0.004 sec
LOG : 18:06:35  ----  Generating landmass #11
LOG : 18:06:35  ----  Continent Vaomaa
LOG : 18:06:35  ----  Source: 230,43
LOG : 18:06:35  ----  Size: 964
LOG : 18:06:35  ----  Target coverage: 0.4811938726071613
LOG : 18:06:35  ----  Mt:0.2220894796648437, Fr:0.2220894796648437, Wl:0.03701491327747395
LOG : 18:06:35  ----  heat:0.5, wetness:0.95744357404561, flatness:0.1274434483908229, corruption:0.9627530303658125
LOG : 18:06:35  ----  Landmass generated in 0.036 sec
LOG : 18:06:35  ----  Generating landmass #12
LOG : 18:06:35  ----  Continent Isea
LOG : 18:06:35  ----  Source: 184,39
LOG : 18:06:35  ----  Size: 282
LOG : 18:06:35  ----  Target coverage: 0.6418976290407579
LOG : 18:06:35  ----  Mt:0.14813022208632876, Fr:0.49376740695442917, Wl:0.0
LOG : 18:06:35  ----  heat:0.5, wetness:0.07305736660720763, flatness:0.5756099540329515, corruption:0.04867108845079804
LOG : 18:06:35  ----  Landmass generated in 0.006 sec
LOG : 18:06:35  ----  Generating landmass #13
LOG : 18:06:35  ----  Continent Saekha
LOG : 18:06:35  ----  Source: 66,53
LOG : 18:06:35  ----  Size: 414
LOG : 18:06:35  ----  Target coverage: 0.6484385828005623
LOG : 18:06:35  ----  Mt:0.2026370571251757, Fr:0.040527411425035145, Wl:0.4052741142503514
LOG : 18:06:35  ----  heat:0.5, wetness:0.5495998129125103, flatness:0.29640411961065827, corruption:0.26875516210844164
LOG : 18:06:35  ----  Landmass generated in 0.008 sec
LOG : 18:06:35  ----  Generating landmass #14
LOG : 18:06:35  ----  Continent Obrea
LOG : 18:06:35  ----  Source: 110,61
LOG : 18:06:35  ----  Size: 1000
LOG : 18:06:35  ----  Target coverage: 0.5202989246875492
LOG : 18:06:35  ----  Mt:0.24013796524040734, Fr:0.24013796524040734, Wl:0.04002299420673456
LOG : 18:06:35  ----  heat:0.5, wetness:0.2941021638673781, flatness:0.20406694895955535, corruption:0.2986513832998585
LOG : 18:06:35  ----  Landmass generated in 0.039 sec
LOG : 18:06:35  ----  Generating landmass #15
LOG : 18:06:35  ----  Continent Khiesha
LOG : 18:06:35  ----  Source: 218,58
LOG : 18:06:35  ----  Size: 706
LOG : 18:06:35  ----  Target coverage: 0.7463701682494673
LOG : 18:06:35  ----  Mt:0.17223926959603092, Fr:0.5741308986534365, Wl:0.0
LOG : 18:06:35  ----  heat:0.5, wetness:0.5047148630036222, flatness:0.09030858187587931, corruption:0.49469858313394177
LOG : 18:06:35  ----  Landmass generated in 0.019 sec
LOG : 18:06:35  ----  Generating landmass #16
LOG : 18:06:35  ----  Continent Iunouva
LOG : 18:06:35  ----  Source: 10,3
LOG : 18:06:35  ----  Size: 559
LOG : 18:06:35  ----  Target coverage: 0.9447933884754125
LOG : 18:06:35  ----  Mt:0.2952479338985664, Fr:0.05904958677971328, Wl:0.5904958677971328
LOG : 18:06:35  ----  heat:0.5, wetness:0.776218615830344, flatness:0.8736682445954851, corruption:0.6407724364293919
LOG : 18:06:35  ----  Landmass generated in 0.032 sec
LOG : 18:06:35  ----  Generating landmass #17
LOG : 18:06:35  ----  Continent Thoba
LOG : 18:06:35  ----  Source: 71,108
LOG : 18:06:35  ----  Size: 1228
LOG : 18:06:35  ----  Target coverage: 1.033068367997264
LOG : 18:06:35  ----  Mt:0.322833864999145, Fr:0.064566772999829, Wl:0.64566772999829
LOG : 18:06:35  ----  heat:0.5, wetness:0.8959553609819578, flatness:0.9889878456255106, corruption:0.2811904227274459
LOG : 18:06:35  ----  Landmass generated in 0.06 sec
LOG : 18:06:35  ----  Generating landmass #18
LOG : 18:06:35  ----  Continent Vievra
LOG : 18:06:35  ----  Source: 136,118
LOG : 18:06:35  ----  Size: 1204
LOG : 18:06:35  ----  Target coverage: 0.4521876178363682
LOG : 18:06:35  ----  Mt:0.20870197746293917, Fr:0.20870197746293917, Wl:0.034783662910489864
LOG : 18:06:35  ----  heat:0.5, wetness:0.4036409277464502, flatness:0.487593829028367, corruption:0.12601454164845327
LOG : 18:06:35  ----  Landmass generated in 0.063 sec
LOG : 18:06:35  ----  Adding transitional hexes
LOG : 18:06:35  ----  Transitional hexes done in 0.01 sec
LOG : 18:06:35  ----  Assimilating adjacent hexes
LOG : 18:06:35  ----  Assimilation done in 0.0 sec
LOG : 18:06:35  ----  Adding points of interest
LOG : 18:06:35  ----  Points of interested added in 0.022 sec
LOG : 18:06:35  ----  Generating factions
LOG : 18:06:35  ----  Loaded race enum ORC
LOG : 18:06:35  ----  Loaded race enum HUMAN
LOG : 18:06:35  ----  Loaded race enum ELF
LOG : 18:06:35  ----  Loaded race enum DWARF
LOG : 18:06:35  ----  Loaded race enum GOBLIN
LOG : 18:06:35  ----  Loaded race enum HOBGOBLIN
LOG : 18:06:35  ----  Loaded race enum LIZARDFOLK
LOG : 18:06:35  ----  Loaded faction type enum DESPOTIC
LOG : 18:06:35  ----  Loaded faction type enum HEGEMONIC
LOG : 18:06:35  ----  Loaded faction type enum IMPERIAL
LOG : 18:06:35  ----  Loaded faction type enum OLEGARCHIC
LOG : 18:06:35  ----  Loaded faction type enum RELIGIOUS
LOG : 18:06:35  ----  Loaded faction type enum TRIBAL
LOG : 18:06:35  ----  Generated faction 'Olegarchy of Deepholme' at 56,68 as a Dwarf Republic
LOG : 18:06:35  ----  Generated faction 'Warbands of Derko Hold' at 200,108 as a Goblin Clans
LOG : 18:06:35  ----  Generated faction 'Temple of Mokmoth' at 198,101 as a Hobgoblin Temple
LOG : 18:06:35  ----  Generated faction 'Temple of Dom's Deep' at 95,2 as a Dwarf Temple
LOG : 18:06:35  ----  Generated faction 'Order of Mithhold' at 169,13 as a Dwarf Temple
LOG : 18:06:35  ----  Generated faction 'Warbands of Horvekk Hold' at 185,15 as a Hobgoblin Warbands
LOG : 18:06:35  ----  Generated faction 'Warbands of Vi'moth Hold' at 173,5 as a Goblin Warbands
LOG : 18:06:35  ----  Generated faction 'Order of Kahkabbo' at 31,14 as a Lizardfolk Temple
LOG : 18:06:35  ----  Generated faction 'Temple of Hormoth Keep' at 31,120 as a Hobgoblin Order
LOG : 18:06:35  ----  Generated faction 'Nation of Mokmoth Hold' at 37,99 as a Goblin Clans
LOG : 18:06:35  ----  Generated faction 'Clans of Hor'ko Hold' at 19,104 as a Goblin Nation
LOG : 18:06:35  ----  Generated faction 'Kingdom of Dolol's Hold' at 28,79 as a Hobgoblin Realm
LOG : 18:06:35  ----  Generated faction 'Republic of Everard's Hill' at 35,80 as a Human Republic
LOG : 18:06:35  ----  Generated faction 'Warbands of Bolkath Hold' at 24,118 as a Goblin Clans
LOG : 18:06:35  ----  Generated faction 'Order of Strathfield' at 156,86 as a Human Temple
LOG : 18:06:35  ----  Generated faction 'Kingdom of Dobdob's Hold' at 143,98 as a Hobgoblin Kingdom
LOG : 18:06:35  ----  Generated faction 'Warbands of Derko Hold' at 137,75 as a Goblin Warbands
LOG : 18:06:35  ----  Generated faction 'Temple of Doldol's Hold' at 135,81 as a Hobgoblin Temple
LOG : 18:06:35  ----  Generated faction 'Order of Azhkolatu' at 238,46 as a Lizardfolk Order
LOG : 18:06:35  ----  Generated faction 'Clans of Zakkolbo' at 179,42 as a Lizardfolk Nation
LOG : 18:06:35  ----  Generated faction 'Free States of Lethdonial' at 101,56 as a Elf City-States
LOG : 18:06:35  ----  Generated faction 'Republic of Clearway Field' at 95,55 as a Human Republic
LOG : 18:06:35  ----  Generated faction 'Republic of Blackville' at 108,65 as a Human Olegarchy
LOG : 18:06:35  ----  Generated faction 'Republic of Lothdon' at 219,68 as a Elf Olegarchy
LOG : 18:06:35  ----  Generated faction 'Imperium of Mondonian' at 223,66 as a Elf Imperium
LOG : 18:06:35  ----  Generated faction 'Clans of Kahaxbo' at 75,95 as a Lizardfolk Warbands
LOG : 18:06:36  ----  Factions generated in 0.615 sec
LOG : 18:06:36  ----  Map generated in 1.31 sec
