LOG : 18:51:53  ----  Starting ...
LOG : 18:51:59  ----  Generating map...
LOG : 18:51:59  ----  Initializing...
LOG : 18:51:59  ----  Generating landmasses
LOG : 18:51:59  ----  Generating landmass #1
LOG : 18:51:59  ----  Continent Nosha
LOG : 18:51:59  ----  Source: 80,121
LOG : 18:51:59  ----  Size: 1335
LOG : 18:51:59  ----  Target coverage: 0.4504198373375109
LOG : 18:51:59  ----  Mt:0.2078860787711589, Fr:0.2078860787711589, Wl:0.03464767979519315
LOG : 18:51:59  ----  heat:0.5, wetness:0.2888920883520565, flatness:0.28832272454833296, corruption:0.625707576468885
LOG : 18:51:59  ----  Landmass generated in 0.123 sec
LOG : 18:51:59  ----  Generating landmass #2
LOG : 18:51:59  ----  Continent Weonta
LOG : 18:51:59  ----  Source: 176,47
LOG : 18:51:59  ----  Size: 1116
LOG : 18:51:59  ----  Target coverage: 0.39493006542895975
LOG : 18:51:59  ----  Mt:0.18227541481336604, Fr:0.18227541481336604, Wl:0.030379235802227674
LOG : 18:51:59  ----  heat:0.5, wetness:0.5630169827041661, flatness:0.24973016323161779, corruption:0.2783291022908221
LOG : 18:51:59  ----  Landmass generated in 0.046 sec
LOG : 18:51:59  ----  Generating landmass #3
LOG : 18:51:59  ----  Continent Iepa
LOG : 18:51:59  ----  Source: 255,13
LOG : 18:51:59  ----  Size: 771
LOG : 18:51:59  ----  Target coverage: 0.4171276854717709
LOG : 18:51:59  ----  Mt:0.19252047021774044, Fr:0.19252047021774044, Wl:0.032086745036290075
LOG : 18:51:59  ----  heat:0.5, wetness:0.19334990850852485, flatness:0.6724716480088172, corruption:0.5911669372042363
LOG : 18:51:59  ----  Landmass generated in 0.05 sec
LOG : 18:51:59  ----  Generating landmass #4
LOG : 18:51:59  ----  Continent Tiosa
LOG : 18:51:59  ----  Source: 251,80
LOG : 18:51:59  ----  Size: 1298
LOG : 18:51:59  ----  Target coverage: 0.920339455703759
LOG : 18:51:59  ----  Mt:0.5112996976131995, Fr:0.40903975809055954, Wl:0.0
LOG : 18:51:59  ----  heat:0.5, wetness:0.8618772977015414, flatness:0.11230310329184157, corruption:0.1229347207844349
LOG : 18:51:59  ----  Landmass generated in 0.058 sec
LOG : 18:51:59  ----  Generating landmass #5
LOG : 18:51:59  ----  Continent Ievra
LOG : 18:51:59  ----  Source: 240,54
LOG : 18:51:59  ----  Size: 926
LOG : 18:51:59  ----  Target coverage: 0.5788914498326712
LOG : 18:51:59  ----  Mt:0.26718066915354055, Fr:0.26718066915354055, Wl:0.04453011152559009
LOG : 18:51:59  ----  heat:0.5, wetness:0.6995476928953464, flatness:0.804380117405734, corruption:0.4317676223791057
LOG : 18:51:59  ----  Landmass generated in 0.034 sec
LOG : 18:51:59  ----  Generating landmass #6
LOG : 18:51:59  ----  Continent Abaepha
LOG : 18:51:59  ----  Source: 231,24
LOG : 18:51:59  ----  Size: 1249
LOG : 18:51:59  ----  Target coverage: 0.7894703376705725
LOG : 18:51:59  ----  Mt:0.1821854625393629, Fr:0.6072848751312097, Wl:0.0
LOG : 18:51:59  ----  heat:0.5, wetness:0.8768289262992609, flatness:0.4936334254591823, corruption:0.2357271960032652
LOG : 18:51:59  ----  Landmass generated in 0.059 sec
LOG : 18:51:59  ----  Generating landmass #7
LOG : 18:51:59  ----  Continent Oategha
LOG : 18:51:59  ----  Source: 105,97
LOG : 18:51:59  ----  Size: 1121
LOG : 18:51:59  ----  Target coverage: 0.8903484624302284
LOG : 18:51:59  ----  Mt:0.20546502979159117, Fr:0.6848834326386373, Wl:0.0
LOG : 18:51:59  ----  heat:0.5, wetness:0.8978327231413383, flatness:0.21344555485315697, corruption:0.04009847585504378
LOG : 18:51:59  ----  Landmass generated in 0.044 sec
LOG : 18:51:59  ----  Generating landmass #8
LOG : 18:51:59  ----  Continent Netia
LOG : 18:51:59  ----  Source: 182,76
LOG : 18:51:59  ----  Size: 597
LOG : 18:51:59  ----  Target coverage: 0.3077009234891699
LOG : 18:51:59  ----  Mt:0.12820871812048745, Fr:0.05128348724819498, Wl:0.12820871812048745
LOG : 18:51:59  ----  heat:0.5, wetness:0.8935956319710314, flatness:0.41563121264766567, corruption:0.776961933994249
LOG : 18:51:59  ----  Landmass generated in 0.014 sec
LOG : 18:51:59  ----  Generating landmass #9
LOG : 18:51:59  ----  Continent Themia
LOG : 18:51:59  ----  Source: 183,9
LOG : 18:51:59  ----  Size: 278
LOG : 18:51:59  ----  Target coverage: 0.8661539032772132
LOG : 18:51:59  ----  Mt:0.14435898387953552, Fr:0.0, Wl:0.7217949193976777
LOG : 18:51:59  ----  heat:0.5, wetness:0.9971100635086507, flatness:0.7016589528494583, corruption:0.5137564327758709
LOG : 18:51:59  ----  Landmass generated in 0.015 sec
LOG : 18:51:59  ----  Generating landmass #10
LOG : 18:51:59  ----  Continent Oguaca
LOG : 18:51:59  ----  Source: 63,9
LOG : 18:51:59  ----  Size: 192
LOG : 18:51:59  ----  Target coverage: 0.8726214338825425
LOG : 18:51:59  ----  Mt:0.14543690564709041, Fr:0.0, Wl:0.7271845282354521
LOG : 18:51:59  ----  heat:0.5, wetness:0.8757427829185878, flatness:0.6697090797767771, corruption:0.6497004037544923
LOG : 18:51:59  ----  Landmass generated in 0.003 sec
LOG : 18:51:59  ----  Generating landmass #11
LOG : 18:51:59  ----  Continent Ita
LOG : 18:51:59  ----  Source: 64,76
LOG : 18:51:59  ----  Size: 970
LOG : 18:51:59  ----  Target coverage: 0.8588744339488072
LOG : 18:51:59  ----  Mt:0.2683982606090023, Fr:0.05367965212180045, Wl:0.5367965212180046
LOG : 18:51:59  ----  heat:0.5, wetness:0.7701681914990466, flatness:0.12151979863610429, corruption:0.19199037014988796
LOG : 18:51:59  ----  Landmass generated in 0.036 sec
LOG : 18:51:59  ----  Generating landmass #12
LOG : 18:51:59  ----  Continent Diusta
LOG : 18:51:59  ----  Source: 199,54
LOG : 18:51:59  ----  Size: 882
LOG : 18:51:59  ----  Target coverage: 0.9496274097466302
LOG : 18:51:59  ----  Mt:0.21914478686460698, Fr:0.7304826228820233, Wl:0.0
LOG : 18:51:59  ----  heat:0.5, wetness:0.5145661805309677, flatness:0.5385837176114648, corruption:0.06666738640083536
LOG : 18:51:59  ----  Landmass generated in 0.03 sec
LOG : 18:51:59  ----  Generating landmass #13
LOG : 18:51:59  ----  Continent Nheopa
LOG : 18:51:59  ----  Source: 115,124
LOG : 18:51:59  ----  Size: 747
LOG : 18:51:59  ----  Target coverage: 0.6932753230558186
LOG : 18:51:59  ----  Mt:0.38515295725323256, Fr:0.30812236580258606, Wl:0.0
LOG : 18:51:59  ----  heat:0.5, wetness:0.380562109191226, flatness:0.5078889126445607, corruption:0.17746220840297422
LOG : 18:51:59  ----  Landmass generated in 0.018 sec
LOG : 18:51:59  ----  Generating landmass #14
LOG : 18:51:59  ----  Continent Oghasa
LOG : 18:51:59  ----  Source: 172,102
LOG : 18:51:59  ----  Size: 1129
LOG : 18:51:59  ----  Target coverage: 1.0161949709548415
LOG : 18:51:59  ----  Mt:0.31756092842338796, Fr:0.06351218568467759, Wl:0.6351218568467759
LOG : 18:51:59  ----  heat:0.5, wetness:0.7248203490601155, flatness:0.9697717570136513, corruption:0.4988383908244408
LOG : 18:51:59  ----  Landmass generated in 0.052 sec
LOG : 18:51:59  ----  Generating landmass #15
LOG : 18:51:59  ----  Continent Ipia
LOG : 18:51:59  ----  Source: 51,92
LOG : 18:51:59  ----  Size: 322
LOG : 18:51:59  ----  Target coverage: 0.8419676441239959
LOG : 18:51:59  ----  Mt:0.194300225567076, Fr:0.64766741855692, Wl:0.0
LOG : 18:51:59  ----  heat:0.5, wetness:0.9165998086098284, flatness:0.5436515809488183, corruption:0.6794785981304106
LOG : 18:51:59  ----  Landmass generated in 0.006 sec
LOG : 18:51:59  ----  Generating landmass #16
LOG : 18:51:59  ----  Continent Oukia
LOG : 18:51:59  ----  Source: 225,115
LOG : 18:51:59  ----  Size: 1353
LOG : 18:51:59  ----  Target coverage: 0.9204549581045445
LOG : 18:51:59  ----  Mt:0.5113638656136359, Fr:0.40909109249090864, Wl:0.0
LOG : 18:51:59  ----  heat:0.5, wetness:0.9954370536905545, flatness:0.8782426565369273, corruption:0.5838797321460218
LOG : 18:51:59  ----  Landmass generated in 0.08 sec
LOG : 18:51:59  ----  Adding transitional hexes
LOG : 18:51:59  ----  Transitional hexes done in 0.012 sec
LOG : 18:51:59  ----  Assimilating adjacent hexes
LOG : 18:51:59  ----  Assimilation done in 0.001 sec
LOG : 18:51:59  ----  Adding points of interest
LOG : 18:51:59  ----  Points of interested added in 0.023 sec
LOG : 18:51:59  ----  Generating factions
LOG : 18:51:59  ----  Loaded race enum ORC
LOG : 18:51:59  ----  Loaded race enum HUMAN
LOG : 18:51:59  ----  Loaded race enum ELF
LOG : 18:51:59  ----  Loaded race enum DWARF
LOG : 18:51:59  ----  Loaded race enum GOBLIN
LOG : 18:51:59  ----  Loaded race enum HOBGOBLIN
LOG : 18:51:59  ----  Loaded race enum LIZARDFOLK
LOG : 18:51:59  ----  Loaded faction type enum DESPOTIC
LOG : 18:51:59  ----  Loaded faction type enum HEGEMONIC
LOG : 18:51:59  ----  Loaded faction type enum IMPERIAL
LOG : 18:51:59  ----  Loaded faction type enum OLEGARCHIC
LOG : 18:51:59  ----  Loaded faction type enum RELIGIOUS
LOG : 18:51:59  ----  Loaded faction type enum TRIBAL
LOG : 18:51:59  ----  Generated faction 'Imperium of Derholme' at 74,96 as a Dwarf Imperium
LOG : 18:51:59  ----  Generated faction 'Olegarchy of Azhalbo' at 68,100 as a Lizardfolk Olegarchy
LOG : 18:51:59  ----  Generated faction 'Kingdom of Bedshire' at 72,113 as a Human Realm
LOG : 18:51:59  ----  Generated faction 'Empire of Lethdonian' at 173,56 as a Elf Imperium
LOG : 18:51:59  ----  Generated faction 'Realm of Thanlor' at 186,56 as a Elf Realm
LOG : 18:51:59  ----  Generated faction 'Imperium of Folveriel' at 161,47 as a Elf Empire
LOG : 18:51:59  ----  Generated faction 'Kingdom of Stonehold' at 170,48 as a Dwarf Kingdom
LOG : 18:51:59  ----  Generated faction 'Order of Dughold' at 242,26 as a Dwarf Order
LOG : 18:51:59  ----  Generated faction 'Empire of Folverian' at 243,15 as a Elf Imperium
LOG : 18:51:59  ----  Generated faction 'Nation of Der'ko Hold' at 247,82 as a Goblin Warbands
LOG : 18:51:59  ----  Generated faction 'Nation of Guxpahkra' at 253,93 as a Orc Tribes
LOG : 18:51:59  ----  Generated faction 'Tribes of Der'ko Hold' at 214,40 as a Goblin Clans
LOG : 18:51:59  ----  Generated faction 'Empire of Lethlorian' at 217,36 as a Elf Empire
LOG : 18:51:59  ----  Generated faction 'Nation of Bol'ko Hold' at 95,98 as a Goblin Warbands
LOG : 18:51:59  ----  Generated faction 'Kingdom of Odo's Keep' at 108,85 as a Human Kingdom
LOG : 18:51:59  ----  Generated faction 'Republic of Vikath' at 173,80 as a Hobgoblin Republic
LOG : 18:51:59  ----  Generated faction 'Realm of Brol's Hold' at 57,93 as a Dwarf Realm
LOG : 18:51:59  ----  Generated faction 'Tribes of Laxkabbo' at 217,57 as a Lizardfolk Clans
LOG : 18:51:59  ----  Generated faction 'Temple of Munverian' at 207,65 as a Elf Temple
LOG : 18:51:59  ----  Generated faction 'Clans of Gol-broer' at 130,109 as a Orc Tribes
LOG : 18:51:59  ----  Generated faction 'Temple of Dugholm' at 187,114 as a Dwarf Temple
LOG : 18:51:59  ----  Generated faction 'Imperium of Bimud's Down' at 235,84 as a Dwarf Empire
LOG : 18:51:59  ----  Generated faction 'Tribes of Shropsholme Downs' at 222,119 as a Human Tribes
LOG : 18:51:59  ----  Generated faction 'Clans of Gunbahtha' at 214,98 as a Orc Warbands
LOG : 18:51:59  ----  Generated faction 'Nation of Bolmoth Hold' at 209,100 as a Goblin Tribes
LOG : 18:51:59  ----  Generated faction 'Olegarchy of Horko Keep' at 241,117 as a Hobgoblin Republic
LOG : 18:52:00  ----  Factions generated in 0.682 sec
LOG : 18:52:00  ----  Map generated in 1.41 sec
