LOG : 13:18:17  ----  Starting ...
LOG : 13:18:23  ----  Generating map...
LOG : 13:18:23  ----  Initializing...
LOG : 13:18:23  ----  Generating landmasses
LOG : 13:18:23  ----  Generating landmass #1
LOG : 13:18:23  ----  Continent Foanha
LOG : 13:18:23  ----  Source: 149,110
LOG : 13:18:23  ----  Size: 1434
LOG : 13:18:23  ----  Target coverage: 0.7108561379094255
LOG : 13:18:23  ----  Mt:0.16404372413294435, Fr:0.5468124137764812, Wl:0.0
LOG : 13:18:23  ----  heat:0.5, wetness:0.2745664586781551, flatness:0.61668540344613, corruption:0.937290317718957
LOG : 13:18:23  ----  Landmass generated in 0.131 sec
LOG : 13:18:23  ----  Generating landmass #2
LOG : 13:18:23  ----  Continent Onta
LOG : 13:18:23  ----  Source: 185,120
LOG : 13:18:23  ----  Size: 892
LOG : 13:18:23  ----  Target coverage: 0.7100743530659424
LOG : 13:18:23  ----  Mt:0.11834572551099039, Fr:0.0, Wl:0.591728627554952
LOG : 13:18:23  ----  heat:0.5, wetness:0.7109717413592562, flatness:0.03811534764480795, corruption:0.2709259496934432
LOG : 13:18:23  ----  Landmass generated in 0.033 sec
LOG : 13:18:23  ----  Generating landmass #3
LOG : 13:18:23  ----  Continent Oumiama
LOG : 13:18:23  ----  Source: 123,86
LOG : 13:18:23  ----  Size: 345
LOG : 13:18:23  ----  Target coverage: 0.6580079500830316
LOG : 13:18:23  ----  Mt:0.1518479884806996, Fr:0.506159961602332, Wl:0.0
LOG : 13:18:23  ----  heat:0.5, wetness:0.3684658674266206, flatness:0.07270859058378576, corruption:0.15771939911372523
LOG : 13:18:23  ----  Landmass generated in 0.006 sec
LOG : 13:18:23  ----  Generating landmass #4
LOG : 13:18:23  ----  Continent Iatiunha
LOG : 13:18:23  ----  Source: 173,57
LOG : 13:18:23  ----  Size: 994
LOG : 13:18:23  ----  Target coverage: 0.8059104236623137
LOG : 13:18:23  ----  Mt:0.44772801314572985, Fr:0.35818241051658384, Wl:0.0
LOG : 13:18:23  ----  heat:0.5, wetness:0.7246709962899454, flatness:0.7705366286259494, corruption:0.46746233660175807
LOG : 13:18:23  ----  Landmass generated in 0.037 sec
LOG : 13:18:23  ----  Generating landmass #5
LOG : 13:18:23  ----  Continent Owoa
LOG : 13:18:23  ----  Source: 252,18
LOG : 13:18:23  ----  Size: 1326
LOG : 13:18:23  ----  Target coverage: 0.7341460092308358
LOG : 13:18:23  ----  Mt:0.16941830982250058, Fr:0.5647276994083353, Wl:0.0
LOG : 13:18:23  ----  heat:0.5, wetness:0.732726968708877, flatness:0.8415083152239305, corruption:0.9034171867769175
LOG : 13:18:23  ----  Landmass generated in 0.099 sec
LOG : 13:18:23  ----  Generating landmass #6
LOG : 13:18:23  ----  Continent Diuntaa
LOG : 13:18:23  ----  Source: 83,50
LOG : 13:18:23  ----  Size: 229
LOG : 13:18:23  ----  Target coverage: 0.46280305984662096
LOG : 13:18:23  ----  Mt:0.213601412236902, Fr:0.213601412236902, Wl:0.035600235372817
LOG : 13:18:23  ----  heat:0.5, wetness:0.4116428131558031, flatness:0.6480492396156121, corruption:0.488737682625324
LOG : 13:18:23  ----  Landmass generated in 0.004 sec
LOG : 13:18:23  ----  Generating landmass #7
LOG : 13:18:23  ----  Continent Aodria
LOG : 13:18:23  ----  Source: 45,78
LOG : 13:18:23  ----  Size: 1184
LOG : 13:18:23  ----  Target coverage: 0.6638842095201414
LOG : 13:18:23  ----  Mt:0.36882456084452303, Fr:0.29505964867561835, Wl:0.0
LOG : 13:18:23  ----  heat:0.5, wetness:0.3974695770179625, flatness:0.6958722436521262, corruption:0.7156086113323187
LOG : 13:18:23  ----  Landmass generated in 0.066 sec
LOG : 13:18:23  ----  Generating landmass #8
LOG : 13:18:23  ----  Continent Wretha
LOG : 13:18:23  ----  Source: 194,35
LOG : 13:18:23  ----  Size: 566
LOG : 13:18:23  ----  Target coverage: 0.911542546034074
LOG : 13:18:23  ----  Mt:0.2103559721617094, Fr:0.7011865738723647, Wl:0.0
LOG : 13:18:23  ----  heat:0.5, wetness:0.6260590175026454, flatness:0.45262842653905644, corruption:0.6089447135688532
LOG : 13:18:23  ----  Landmass generated in 0.013 sec
LOG : 13:18:23  ----  Generating landmass #9
LOG : 13:18:23  ----  Continent Ioneita
LOG : 13:18:23  ----  Source: 232,19
LOG : 13:18:23  ----  Size: 421
LOG : 13:18:23  ----  Target coverage: 0.3148786905586861
LOG : 13:18:23  ----  Mt:0.13119945439945255, Fr:0.05247978175978102, Wl:0.13119945439945255
LOG : 13:18:23  ----  heat:0.5, wetness:0.7183327029153642, flatness:0.5258961782804077, corruption:0.22999637020578023
LOG : 13:18:23  ----  Landmass generated in 0.008 sec
LOG : 13:18:23  ----  Generating landmass #10
LOG : 13:18:23  ----  Continent Soba
LOG : 13:18:23  ----  Source: 175,18
LOG : 13:18:23  ----  Size: 1064
LOG : 13:18:23  ----  Target coverage: 0.8908229196412942
LOG : 13:18:23  ----  Mt:0.14847048660688236, Fr:0.0, Wl:0.7423524330344119
LOG : 13:18:23  ----  heat:0.5, wetness:0.2044606609191716, flatness:0.3181294353728852, corruption:0.6766202477331461
LOG : 13:18:23  ----  Landmass generated in 0.042 sec
LOG : 13:18:23  ----  Generating landmass #11
LOG : 13:18:23  ----  Continent Feukhoa
LOG : 13:18:23  ----  Source: 137,40
LOG : 13:18:23  ----  Size: 815
LOG : 13:18:23  ----  Target coverage: 0.6841042162391423
LOG : 13:18:23  ----  Mt:0.1578702037474944, Fr:0.5262340124916479, Wl:0.0
LOG : 13:18:23  ----  heat:0.5, wetness:0.5725463854577518, flatness:0.6871483504643465, corruption:0.879964657734491
LOG : 13:18:23  ----  Landmass generated in 0.023 sec
LOG : 13:18:23  ----  Generating landmass #12
LOG : 13:18:23  ----  Continent Fiuda
LOG : 13:18:23  ----  Source: 63,29
LOG : 13:18:23  ----  Size: 1568
LOG : 13:18:23  ----  Target coverage: 0.7680481302105359
LOG : 13:18:23  ----  Mt:0.17724187620243137, Fr:0.5908062540081045, Wl:0.0
LOG : 13:18:23  ----  heat:0.5, wetness:0.546936807354666, flatness:0.620971746778172, corruption:0.6389121893139761
LOG : 13:18:23  ----  Landmass generated in 0.087 sec
LOG : 13:18:23  ----  Generating landmass #13
LOG : 13:18:23  ----  Continent Sluanha
LOG : 13:18:23  ----  Source: 163,85
LOG : 13:18:23  ----  Size: 929
LOG : 13:18:23  ----  Target coverage: 0.6542960462069404
LOG : 13:18:23  ----  Mt:0.20446751443966887, Fr:0.04089350288793377, Wl:0.40893502887933775
LOG : 13:18:23  ----  heat:0.5, wetness:0.5200916031787505, flatness:0.70636898254877, corruption:0.5307108331122026
LOG : 13:18:23  ----  Landmass generated in 0.032 sec
LOG : 13:18:23  ----  Generating landmass #14
LOG : 13:18:23  ----  Continent Ghaena
LOG : 13:18:23  ----  Source: 215,60
LOG : 13:18:23  ----  Size: 460
LOG : 13:18:23  ----  Target coverage: 1.0249994437022252
LOG : 13:18:23  ----  Mt:0.3203123261569454, Fr:0.06406246523138907, Wl:0.6406246523138908
LOG : 13:18:23  ----  heat:0.5, wetness:0.693698835618611, flatness:0.5806565005502353, corruption:0.7534884438726089
LOG : 13:18:23  ----  Landmass generated in 0.015 sec
LOG : 13:18:23  ----  Generating landmass #15
LOG : 13:18:23  ----  Continent Siadua
LOG : 13:18:23  ----  Source: 208,108
LOG : 13:18:23  ----  Size: 579
LOG : 13:18:23  ----  Target coverage: 0.6584167463095796
LOG : 13:18:23  ----  Mt:0.10973612438492993, Fr:0.0, Wl:0.5486806219246497
LOG : 13:18:23  ----  heat:0.5, wetness:0.8530433629412137, flatness:0.1450803204605282, corruption:0.7119847486147378
LOG : 13:18:23  ----  Landmass generated in 0.014 sec
LOG : 13:18:23  ----  Generating landmass #16
LOG : 13:18:23  ----  Continent Ikhaoma
LOG : 13:18:23  ----  Source: 11,70
LOG : 13:18:23  ----  Size: 1370
LOG : 13:18:23  ----  Target coverage: 0.3871003279329542
LOG : 13:18:23  ----  Mt:0.16129180330539758, Fr:0.06451672132215902, Wl:0.16129180330539758
LOG : 13:18:23  ----  heat:0.5, wetness:0.18471976192500394, flatness:0.4521199043578593, corruption:0.7998317851997936
LOG : 13:18:23  ----  Landmass generated in 0.074 sec
LOG : 13:18:23  ----  Adding transitional hexes
LOG : 13:18:23  ----  Transitional hexes done in 0.013 sec
LOG : 13:18:23  ----  Assimilating adjacent hexes
LOG : 13:18:23  ----  Assimilation done in 0.001 sec
LOG : 13:18:23  ----  Adding points of interest
LOG : 13:18:23  ----  Points of interested added in 0.021 sec
LOG : 13:18:23  ----  Generating factions
LOG : 13:18:23  ----  Loaded race enum ORC
LOG : 13:18:23  ----  Loaded race enum HUMAN
LOG : 13:18:23  ----  Loaded race enum ELF
LOG : 13:18:23  ----  Loaded race enum DWARF
LOG : 13:18:23  ----  Loaded race enum GOBLIN
LOG : 13:18:23  ----  Loaded race enum HOBGOBLIN
LOG : 13:18:23  ----  Loaded race enum LIZARDFOLK
LOG : 13:18:23  ----  Loaded faction type enum DESPOTIC
LOG : 13:18:23  ----  Loaded faction type enum HEGEMONIC
LOG : 13:18:23  ----  Loaded faction type enum IMPERIAL
LOG : 13:18:23  ----  Loaded faction type enum OLEGARCHIC
LOG : 13:18:23  ----  Loaded faction type enum RELIGIOUS
LOG : 13:18:23  ----  Loaded faction type enum TRIBAL
LOG : 13:18:23  ----  Generated faction 'Olegarchy of Azhkolbo' at 145,112 as a Lizardfolk Republic
LOG : 13:18:23  ----  Generated faction 'Imperium of Laxalatu' at 134,105 as a Lizardfolk Empire
LOG : 13:18:23  ----  Generated faction 'Realm of Follorien' at 164,101 as a Elf Kingdom
LOG : 13:18:23  ----  Generated faction 'Olegarchy of Thanverial' at 143,87 as a Elf Olegarchy
LOG : 13:18:23  ----  Generated faction 'Commonwealth of Monlor' at 147,90 as a Elf Free Cities
LOG : 13:18:23  ----  Generated faction 'Commonwealth of Vimoth Hold' at 179,126 as a Hobgoblin City-States
LOG : 13:18:23  ----  Generated faction 'Republic of Joachim's Rest' at 117,84 as a Human Republic
LOG : 13:18:23  ----  Generated faction 'Temple of Wahgor's Hold' at 165,45 as a Hobgoblin Temple
LOG : 13:18:23  ----  Generated faction 'Nation of Hor'ko Hold' at 156,68 as a Goblin Nation
LOG : 13:18:23  ----  Generated faction 'Empire of Ironhost' at 247,7 as a Dwarf Empire
LOG : 13:18:23  ----  Generated faction 'Nation of Clearburg' at 7,5 as a Human Warbands
LOG : 13:18:23  ----  Generated faction 'Olegarchy of Tomhin's Doom' at 244,22 as a Dwarf Republic
LOG : 13:18:23  ----  Generated faction 'Imperium of Lundon' at 245,2 as a Elf Imperium
LOG : 13:18:23  ----  Generated faction 'Imperium of Ironforge' at 0,18 as a Dwarf Imperium
LOG : 13:18:23  ----  Generated faction 'Tribes of Gungolered' at 34,62 as a Orc Clans
LOG : 13:18:23  ----  Generated faction 'Republic of Vimoth Keep' at 228,24 as a Hobgoblin Olegarchy
LOG : 13:18:23  ----  Generated faction 'Olegarchy of Colstead Town' at 190,18 as a Human Republic
LOG : 13:18:23  ----  Generated faction 'Free Cities of Warner's Vale' at 183,10 as a Human Free Cities
LOG : 13:18:23  ----  Generated faction 'Warbands of Uk-bro' at 161,3 as a Orc Tribes
LOG : 13:18:23  ----  Generated faction 'Commonwealth of Waggob's Keep' at 168,25 as a Hobgoblin Free States
LOG : 13:18:23  ----  Generated faction 'Kingdom of Monlor' at 146,24 as a Elf Realm
LOG : 13:18:23  ----  Generated faction 'Nation of Un-vro' at 175,84 as a Orc Tribes
LOG : 13:18:23  ----  Generated faction 'Commonwealth of Azhaxbo' at 151,63 as a Lizardfolk Free Cities
LOG : 13:18:23  ----  Generated faction 'Warbands of Gokpaher' at 140,77 as a Orc Nation
LOG : 13:18:23  ----  Generated faction 'Temple of Robor's Hold' at 176,94 as a Hobgoblin Temple
LOG : 13:18:23  ----  Generated faction 'Free Cities of Steelholm' at 223,53 as a Dwarf Free States
LOG : 13:18:23  ----  Generated faction 'Warbands of Dermoth Hold' at 217,117 as a Goblin Nation
LOG : 13:18:23  ----  Generated faction 'Commonwealth of Derko Keep' at 203,98 as a Hobgoblin Free States
LOG : 13:18:23  ----  Generated faction 'Realm of Mokkath' at 8,91 as a Hobgoblin Kingdom
LOG : 13:18:23  ----  Generated faction 'Tribes of Mok'ko Hold' at 13,79 as a Goblin Tribes
LOG : 13:18:24  ----  Factions generated in 0.624 sec
LOG : 13:18:24  ----  Map generated in 1.367 sec
