LOG : 14:23:12  ----  Starting ...
LOG : 14:24:19  ----  Starting ...
LOG : 14:24:22  ----  Generating map...
LOG : 14:24:22  ----  Initializing...
LOG : 14:24:22  ----  Generating landmasses
LOG : 14:24:22  ----  Generating landmass #1
LOG : 14:24:22  ----  Continent Asiada
LOG : 14:24:22  ----  Source: 85,108
LOG : 14:24:22  ----  Size: 231
LOG : 14:24:22  ----  Target coverage: 0.5217388978682473
LOG : 14:24:22  ----  Mt:0.2408025682468834, Fr:0.2408025682468834, Wl:0.04013376137448057
LOG : 14:24:22  ----  heat:0.5, wetness:0.6603451743915901, flatness:0.41630558521282235, corruption:0.4611409934784171
LOG : 14:24:22  ----  Landmass generated in 0.038 sec
LOG : 14:24:22  ----  Generating landmass #2
LOG : 14:24:22  ----  Continent Noanta
LOG : 14:24:22  ----  Source: 228,34
LOG : 14:24:22  ----  Size: 595
LOG : 14:24:22  ----  Target coverage: 0.6528727424033847
LOG : 14:24:22  ----  Mt:0.3627070791129915, Fr:0.29016566329039317, Wl:0.0
LOG : 14:24:22  ----  heat:0.5, wetness:0.0978033371009841, flatness:0.09602725831299186, corruption:0.3982185934819288
LOG : 14:24:22  ----  Landmass generated in 0.017 sec
LOG : 14:24:22  ----  Generating landmass #3
LOG : 14:24:22  ----  Continent Oufema
LOG : 14:24:22  ----  Source: 218,80
LOG : 14:24:22  ----  Size: 1031
LOG : 14:24:22  ----  Target coverage: 0.39469549361102474
LOG : 14:24:22  ----  Mt:0.18216715089739605, Fr:0.18216715089739605, Wl:0.030361191816232674
LOG : 14:24:22  ----  heat:0.5, wetness:0.8331821369304828, flatness:0.7539045312474847, corruption:0.8710799507108471
LOG : 14:24:22  ----  Landmass generated in 0.041 sec
LOG : 14:24:22  ----  Generating landmass #4
LOG : 14:24:22  ----  Continent Eimaonha
LOG : 14:24:22  ----  Source: 82,94
LOG : 14:24:22  ----  Size: 445
LOG : 14:24:22  ----  Target coverage: 0.8986096946596489
LOG : 14:24:22  ----  Mt:0.20737146799838052, Fr:0.6912382266612684, Wl:0.0
LOG : 14:24:22  ----  heat:0.5, wetness:0.6488148132077549, flatness:0.5359664932312506, corruption:0.9955517377805244
LOG : 14:24:22  ----  Landmass generated in 0.024 sec
LOG : 14:24:22  ----  Generating landmass #5
LOG : 14:24:22  ----  Continent Lontoa
LOG : 14:24:22  ----  Source: 223,100
LOG : 14:24:22  ----  Size: 301
LOG : 14:24:22  ----  Target coverage: 0.7892056633936738
LOG : 14:24:22  ----  Mt:0.1821243838600786, Fr:0.6070812795335953, Wl:0.0
LOG : 14:24:22  ----  heat:0.5, wetness:0.3236015952299871, flatness:0.5662644110572992, corruption:0.8704343859809185
LOG : 14:24:22  ----  Landmass generated in 0.006 sec
LOG : 14:24:22  ----  Generating landmass #6
LOG : 14:24:22  ----  Continent Odista
LOG : 14:24:22  ----  Source: 172,112
LOG : 14:24:22  ----  Size: 1468
LOG : 14:24:22  ----  Target coverage: 0.6565681380062673
LOG : 14:24:22  ----  Mt:0.20517754312695854, Fr:0.04103550862539171, Wl:0.4103550862539171
LOG : 14:24:22  ----  heat:0.5, wetness:0.7722183438295153, flatness:0.3333805955522082, corruption:0.5808522887787336
LOG : 14:24:22  ----  Landmass generated in 0.092 sec
LOG : 14:24:22  ----  Generating landmass #7
LOG : 14:24:22  ----  Continent Eiphaga
LOG : 14:24:22  ----  Source: 232,7
LOG : 14:24:22  ----  Size: 448
LOG : 14:24:22  ----  Target coverage: 0.761746260652906
LOG : 14:24:22  ----  Mt:0.17578759861220908, Fr:0.5859586620406969, Wl:0.0
LOG : 14:24:22  ----  heat:0.5, wetness:0.7780947753217977, flatness:0.11739906434736969, corruption:0.7483428777289853
LOG : 14:24:22  ----  Landmass generated in 0.022 sec
LOG : 14:24:22  ----  Generating landmass #8
LOG : 14:24:22  ----  Continent Koula
LOG : 14:24:22  ----  Source: 34,70
LOG : 14:24:22  ----  Size: 422
LOG : 14:24:22  ----  Target coverage: 0.39353191452644937
LOG : 14:24:22  ----  Mt:0.1816301143968228, Fr:0.1816301143968228, Wl:0.0302716857328038
LOG : 14:24:22  ----  heat:0.5, wetness:0.22438929596425206, flatness:0.38407492363312856, corruption:0.6933788176987459
LOG : 14:24:22  ----  Landmass generated in 0.008 sec
LOG : 14:24:22  ----  Generating landmass #9
LOG : 14:24:22  ----  Continent Aelea
LOG : 14:24:22  ----  Source: 149,108
LOG : 14:24:22  ----  Size: 862
LOG : 14:24:22  ----  Target coverage: 0.3158894348379413
LOG : 14:24:22  ----  Mt:0.1316205978491422, Fr:0.05264823913965688, Wl:0.1316205978491422
LOG : 14:24:22  ----  heat:0.5, wetness:0.4588222138962832, flatness:0.9114770948796103, corruption:0.4425894580485503
LOG : 14:24:22  ----  Landmass generated in 0.029 sec
LOG : 14:24:22  ----  Generating landmass #10
LOG : 14:24:22  ----  Continent Baova
LOG : 14:24:22  ----  Source: 119,0
LOG : 14:24:22  ----  Size: 1587
LOG : 14:24:22  ----  Target coverage: 1.0401606126679275
LOG : 14:24:22  ----  Mt:0.3250501914587273, Fr:0.06501003829174547, Wl:0.6501003829174546
LOG : 14:24:22  ----  heat:0.5, wetness:0.48886963993582966, flatness:0.30165316172931356, corruption:0.4279673043932981
LOG : 14:24:22  ----  Landmass generated in 0.094 sec
LOG : 14:24:22  ----  Generating landmass #11
LOG : 14:24:22  ----  Continent Ibuka
LOG : 14:24:22  ----  Source: 191,66
LOG : 14:24:22  ----  Size: 471
LOG : 14:24:22  ----  Target coverage: 0.8788237290273987
LOG : 14:24:22  ----  Mt:0.14647062150456644, Fr:0.0, Wl:0.7323531075228322
LOG : 14:24:22  ----  heat:0.5, wetness:0.839696501592135, flatness:0.026444100813340476, corruption:0.24571113281694057
LOG : 14:24:22  ----  Landmass generated in 0.012 sec
LOG : 14:24:22  ----  Generating landmass #12
LOG : 14:24:22  ----  Continent Giegoa
LOG : 14:24:22  ----  Source: 57,73
LOG : 14:24:22  ----  Size: 343
LOG : 14:24:22  ----  Target coverage: 0.28907678683704846
LOG : 14:24:22  ----  Mt:0.12044866118210353, Fr:0.04817946447284141, Wl:0.12044866118210353
LOG : 14:24:22  ----  heat:0.5, wetness:0.12462809073050618, flatness:0.3943699855781496, corruption:0.5661322598966146
LOG : 14:24:22  ----  Landmass generated in 0.007 sec
LOG : 14:24:22  ----  Generating landmass #13
LOG : 14:24:22  ----  Continent Chiavra
LOG : 14:24:22  ----  Source: 80,39
LOG : 14:24:22  ----  Size: 1032
LOG : 14:24:22  ----  Target coverage: 0.9690994287072047
LOG : 14:24:22  ----  Mt:0.5383885715040027, Fr:0.43071085720320207, Wl:0.0
LOG : 14:24:22  ----  heat:0.5, wetness:0.6674860616342897, flatness:0.8692973358704364, corruption:0.5371079276993989
LOG : 14:24:22  ----  Landmass generated in 0.039 sec
LOG : 14:24:22  ----  Generating landmass #14
LOG : 14:24:22  ----  Continent Ntaona
LOG : 14:24:22  ----  Source: 9,39
LOG : 14:24:22  ----  Size: 752
LOG : 14:24:22  ----  Target coverage: 0.7865424258151326
LOG : 14:24:22  ----  Mt:0.4369680143417403, Fr:0.34957441147339224, Wl:0.0
LOG : 14:24:22  ----  heat:0.5, wetness:0.8119005363987541, flatness:0.34848076500348535, corruption:0.8710154512995522
LOG : 14:24:22  ----  Landmass generated in 0.036 sec
LOG : 14:24:22  ----  Generating landmass #15
LOG : 14:24:22  ----  Continent Aesatha
LOG : 14:24:22  ----  Source: 149,55
LOG : 14:24:22  ----  Size: 1211
LOG : 14:24:22  ----  Target coverage: 0.6531515713622131
LOG : 14:24:22  ----  Mt:0.15072728569897226, Fr:0.5024242856632409, Wl:0.0
LOG : 14:24:22  ----  heat:0.5, wetness:0.2604585893181969, flatness:0.6090414161071556, corruption:0.8613511536130468
LOG : 14:24:22  ----  Landmass generated in 0.053 sec
LOG : 14:24:22  ----  Generating landmass #16
LOG : 14:24:22  ----  Continent Oufuaga
LOG : 14:24:22  ----  Source: 2,67
LOG : 14:24:22  ----  Size: 153
LOG : 14:24:22  ----  Target coverage: 0.5015723659577788
LOG : 14:24:22  ----  Mt:0.23149493813435945, Fr:0.23149493813435945, Wl:0.038582489689059904
LOG : 14:24:22  ----  heat:0.5, wetness:0.5728321246030148, flatness:0.8344621590379147, corruption:0.2559065926646602
LOG : 14:24:22  ----  Landmass generated in 0.002 sec
LOG : 14:24:22  ----  Generating landmass #17
LOG : 14:24:22  ----  Continent Theosta
LOG : 14:24:22  ----  Source: 27,101
LOG : 14:24:22  ----  Size: 1259
LOG : 14:24:22  ----  Target coverage: 0.3191570071216539
LOG : 14:24:22  ----  Mt:0.13298208630068914, Fr:0.05319283452027565, Wl:0.13298208630068914
LOG : 14:24:22  ----  heat:0.5, wetness:0.05939886844058795, flatness:0.4560253113948104, corruption:0.6596752696689359
LOG : 14:24:22  ----  Landmass generated in 0.054 sec
LOG : 14:24:22  ----  Generating landmass #18
LOG : 14:24:22  ----  Continent Luvroa
LOG : 14:24:22  ----  Source: 31,8
LOG : 14:24:22  ----  Size: 361
LOG : 14:24:22  ----  Target coverage: 0.5072667716086041
LOG : 14:24:22  ----  Mt:0.2341231253578173, Fr:0.2341231253578173, Wl:0.03902052089296955
LOG : 14:24:22  ----  heat:0.5, wetness:0.6832945302274169, flatness:0.8298907427774131, corruption:0.3714702373133295
LOG : 14:24:22  ----  Landmass generated in 0.007 sec
LOG : 14:24:22  ----  Generating landmass #19
LOG : 14:24:22  ----  Continent Khounoa
LOG : 14:24:22  ----  Source: 128,57
LOG : 14:24:22  ----  Size: 1227
LOG : 14:24:22  ----  Target coverage: 0.687009048798675
LOG : 14:24:22  ----  Mt:0.15854054972277115, Fr:0.5284684990759039, Wl:0.0
LOG : 14:24:22  ----  heat:0.5, wetness:0.20839310771222708, flatness:0.22042667159136897, corruption:0.8198595046529437
LOG : 14:24:22  ----  Landmass generated in 0.061 sec
LOG : 14:24:22  ----  Adding transitional hexes
LOG : 14:24:22  ----  Transitional hexes done in 0.011 sec
LOG : 14:24:22  ----  Assimilating adjacent hexes
LOG : 14:24:22  ----  Assimilation done in 0.0 sec
LOG : 14:24:22  ----  Adding points of interest
LOG : 14:24:22  ----  Points of interested added in 0.022 sec
LOG : 14:24:22  ----  Generating factions
LOG : 14:24:22  ----  Loaded race enum ORC
LOG : 14:24:22  ----  Loaded race enum HUMAN
LOG : 14:24:22  ----  Loaded race enum ELF
LOG : 14:24:22  ----  Loaded race enum DWARF
LOG : 14:24:22  ----  Loaded race enum GOBLIN
LOG : 14:24:22  ----  Loaded race enum HOBGOBLIN
LOG : 14:24:22  ----  Loaded race enum LIZARDFOLK
LOG : 14:24:22  ----  Loaded faction type enum DESPOTIC
LOG : 14:24:22  ----  Loaded faction type enum HEGEMONIC
LOG : 14:24:22  ----  Loaded faction type enum IMPERIAL
LOG : 14:24:22  ----  Loaded faction type enum OLEGARCHIC
LOG : 14:24:22  ----  Loaded faction type enum RELIGIOUS
LOG : 14:24:22  ----  Loaded faction type enum TRIBAL
LOG : 14:24:22  ----  Generated faction 'Clans of Uk-vro' at 229,22 as a Orc Nation
LOG : 14:24:22  ----  Generated faction 'Free States of Lothver' at 199,68 as a Elf Free Cities
LOG : 14:24:22  ----  Generated faction 'Temple of Folver' at 217,80 as a Elf Order
LOG : 14:24:22  ----  Generated faction 'Olegarchy of Joachim's Wake' at 214,62 as a Human Republic
LOG : 14:24:22  ----  Generated faction 'Order of Lundoniel' at 73,87 as a Elf Temple
LOG : 14:24:22  ----  Generated faction 'Free Cities of Dughold' at 182,103 as a Dwarf Commonwealth
LOG : 14:24:22  ----  Generated faction 'Order of Steelhost' at 26,64 as a Dwarf Order
LOG : 14:24:22  ----  Generated faction 'Republic of Tulun's Deep' at 97,10 as a Dwarf Republic
LOG : 14:24:22  ----  Generated faction 'Warbands of Hor'kath Hold' at 110,25 as a Goblin Clans
LOG : 14:24:22  ----  Generated faction 'Order of Azhahnatu' at 120,27 as a Lizardfolk Temple
LOG : 14:24:22  ----  Generated faction 'Olegarchy of Dolgor's Keep' at 128,23 as a Hobgoblin Republic
LOG : 14:24:22  ----  Generated faction 'Olegarchy of Derkath' at 196,59 as a Hobgoblin Olegarchy
LOG : 14:24:22  ----  Generated faction 'Republic of Hobog's Keep' at 51,71 as a Hobgoblin Olegarchy
LOG : 14:24:22  ----  Generated faction 'Tribes of Mok'ko Hold' at 82,40 as a Goblin Clans
LOG : 14:24:22  ----  Generated faction 'Free States of Dughold' at 68,32 as a Dwarf Free Cities
LOG : 14:24:22  ----  Generated faction 'Warbands of Wahol's Keep' at 61,30 as a Hobgoblin Clans
LOG : 14:24:22  ----  Generated faction 'Olegarchy of Hobod's Keep' at 6,38 as a Hobgoblin Republic
LOG : 14:24:22  ----  Generated faction 'Imperium of Luther's Hamlet' at 149,70 as a Human Imperium
LOG : 14:24:22  ----  Generated faction 'Temple of Honboid's Doom' at 137,46 as a Dwarf Order
LOG : 14:24:22  ----  Generated faction 'Realm of Dugholme' at 164,61 as a Dwarf Kingdom
LOG : 14:24:22  ----  Generated faction 'Commonwealth of Stonehall' at 148,63 as a Dwarf Commonwealth
LOG : 14:24:22  ----  Generated faction 'Free Cities of Godwin's Torch' at 27,6 as a Human Commonwealth
LOG : 14:24:23  ----  Factions generated in 0.484 sec
LOG : 14:24:23  ----  Map generated in 1.179 sec
