LOG : 12:17:41  ----  Starting ...
LOG : 12:17:46  ----  Generating map...
LOG : 12:17:46  ----  Initializing...
LOG : 12:17:46  ----  Generating landmasses
LOG : 12:17:46  ----  Generating landmass #1
LOG : 12:17:46  ----  Continent Khaega
LOG : 12:17:46  ----  Source: 5,41
LOG : 12:17:46  ----  Size: 950
LOG : 12:17:46  ----  Target coverage: 0.7065301842812918
LOG : 12:17:46  ----  Mt:0.39251676904516214, Fr:0.31401341523612963, Wl:0.0
LOG : 12:17:46  ----  heat:0.5, wetness:0.699488801060697, flatness:0.14378181156512337, corruption:0.42557701700525663
LOG : 12:17:46  ----  Landmass generated in 0.214 sec
LOG : 12:17:46  ----  Generating landmass #2
LOG : 12:17:46  ----  Continent Iokabra
LOG : 12:17:46  ----  Source: 169,86
LOG : 12:17:46  ----  Size: 1193
LOG : 12:17:46  ----  Target coverage: 0.4948326490946394
LOG : 12:17:46  ----  Mt:0.2283842995821413, Fr:0.2283842995821413, Wl:0.03806404993035688
LOG : 12:17:46  ----  heat:0.5, wetness:0.8004978932647208, flatness:0.6046836889584483, corruption:0.7138414622618885
LOG : 12:17:46  ----  Landmass generated in 0.11 sec
LOG : 12:17:46  ----  Generating landmass #3
LOG : 12:17:46  ----  Continent Ghaestaa
LOG : 12:17:46  ----  Source: 254,8
LOG : 12:17:46  ----  Size: 772
LOG : 12:17:46  ----  Target coverage: 0.8219097243213002
LOG : 12:17:46  ----  Mt:0.45661651351183347, Fr:0.3652932108094667, Wl:0.0
LOG : 12:17:46  ----  heat:0.5, wetness:0.8762192376530717, flatness:0.5607725137271101, corruption:0.910094237854466
LOG : 12:17:46  ----  Landmass generated in 0.09 sec
LOG : 12:17:46  ----  Generating landmass #4
LOG : 12:17:46  ----  Continent Mianha
LOG : 12:17:46  ----  Source: 22,102
LOG : 12:17:46  ----  Size: 665
LOG : 12:17:46  ----  Target coverage: 0.5654194851609898
LOG : 12:17:46  ----  Mt:0.26096283930507225, Fr:0.26096283930507225, Wl:0.04349380655084537
LOG : 12:17:46  ----  heat:0.5, wetness:0.26757844888940385, flatness:0.6708239165439581, corruption:0.3050273469947733
LOG : 12:17:46  ----  Landmass generated in 0.048 sec
LOG : 12:17:46  ----  Generating landmass #5
LOG : 12:17:46  ----  Continent Kedrea
LOG : 12:17:46  ----  Source: 91,18
LOG : 12:17:46  ----  Size: 661
LOG : 12:17:46  ----  Target coverage: 0.898104071690325
LOG : 12:17:46  ----  Mt:0.2072547857746904, Fr:0.6908492859156347, Wl:0.0
LOG : 12:17:46  ----  heat:0.5, wetness:0.03249454226359616, flatness:0.40843614958237584, corruption:0.33466179962501375
LOG : 12:17:46  ----  Landmass generated in 0.055 sec
LOG : 12:17:46  ----  Generating landmass #6
LOG : 12:17:46  ----  Continent Voaboa
LOG : 12:17:46  ----  Source: 206,86
LOG : 12:17:46  ----  Size: 913
LOG : 12:17:46  ----  Target coverage: 0.6599799857160714
LOG : 12:17:46  ----  Mt:0.2062437455362723, Fr:0.041248749107254463, Wl:0.4124874910725446
LOG : 12:17:46  ----  heat:0.5, wetness:0.754052438891964, flatness:0.40210465213578406, corruption:0.025840262838601635
LOG : 12:17:46  ----  Landmass generated in 0.083 sec
LOG : 12:17:46  ----  Generating landmass #7
LOG : 12:17:46  ----  Continent Oawa
LOG : 12:17:46  ----  Source: 15,31
LOG : 12:17:46  ----  Size: 571
LOG : 12:17:46  ----  Target coverage: 0.38295714221563737
LOG : 12:17:46  ----  Mt:0.1767494502533711, Fr:0.1767494502533711, Wl:0.029458241708895185
LOG : 12:17:46  ----  heat:0.5, wetness:0.6556497033445533, flatness:0.8756903507538768, corruption:0.014542670446497596
LOG : 12:17:46  ----  Landmass generated in 0.041 sec
LOG : 12:17:46  ----  Generating landmass #8
LOG : 12:17:46  ----  Continent Eoseca
LOG : 12:17:46  ----  Source: 203,61
LOG : 12:17:46  ----  Size: 1045
LOG : 12:17:46  ----  Target coverage: 0.6208182296208685
LOG : 12:17:46  ----  Mt:0.14326574529712352, Fr:0.47755248432374503, Wl:0.0
LOG : 12:17:46  ----  heat:0.5, wetness:0.542792947165971, flatness:0.04514626798836885, corruption:0.4442917232004959
LOG : 12:17:46  ----  Landmass generated in 0.078 sec
LOG : 12:17:46  ----  Generating landmass #9
LOG : 12:17:46  ----  Continent Veivra
LOG : 12:17:46  ----  Source: 132,86
LOG : 12:17:46  ----  Size: 1616
LOG : 12:17:46  ----  Target coverage: 0.5564941578695513
LOG : 12:17:46  ----  Mt:0.25684345747825443, Fr:0.25684345747825443, Wl:0.04280724291304241
LOG : 12:17:47  ----  heat:0.5, wetness:0.8530748682031748, flatness:0.9041491723844299, corruption:0.36241914294368893
LOG : 12:17:47  ----  Landmass generated in 0.16 sec
LOG : 12:17:47  ----  Generating landmass #10
LOG : 12:17:47  ----  Continent Adisha
LOG : 12:17:47  ----  Source: 101,6
LOG : 12:17:47  ----  Size: 1141
LOG : 12:17:47  ----  Target coverage: 0.8640970415074669
LOG : 12:17:47  ----  Mt:0.1994070095786462, Fr:0.6646900319288207, Wl:0.0
LOG : 12:17:47  ----  heat:0.5, wetness:0.5618859643681182, flatness:0.6238239557022704, corruption:0.2514786682813983
LOG : 12:17:47  ----  Landmass generated in 0.092 sec
LOG : 12:17:47  ----  Generating landmass #11
LOG : 12:17:47  ----  Continent Vrada
LOG : 12:17:47  ----  Source: 245,46
LOG : 12:17:47  ----  Size: 409
LOG : 12:17:47  ----  Target coverage: 0.8062114135682376
LOG : 12:17:47  ----  Mt:0.18604878774651637, Fr:0.6201626258217212, Wl:0.0
LOG : 12:17:47  ----  heat:0.5, wetness:0.06631180967696526, flatness:0.6355238216739632, corruption:0.21860605870211414
LOG : 12:17:47  ----  Landmass generated in 0.046 sec
LOG : 12:17:47  ----  Generating landmass #12
LOG : 12:17:47  ----  Continent Wofa
LOG : 12:17:47  ----  Source: 101,108
LOG : 12:17:47  ----  Size: 1052
LOG : 12:17:47  ----  Target coverage: 0.9986115798062025
LOG : 12:17:47  ----  Mt:0.23044882610912368, Fr:0.7681627536970789, Wl:0.0
LOG : 12:17:47  ----  heat:0.5, wetness:0.8221755830110212, flatness:0.7365724799647099, corruption:0.6584704672994603
LOG : 12:17:47  ----  Landmass generated in 0.113 sec
LOG : 12:17:47  ----  Generating landmass #13
LOG : 12:17:47  ----  Continent Iodea
LOG : 12:17:47  ----  Source: 131,57
LOG : 12:17:47  ----  Size: 97
LOG : 12:17:47  ----  Target coverage: 0.8355438164420843
LOG : 12:17:47  ----  Mt:0.26110744263815133, Fr:0.05222148852763027, Wl:0.5222148852763027
LOG : 12:17:47  ----  heat:0.5, wetness:0.11689026033336758, flatness:0.5798642147375299, corruption:0.8963387596856335
LOG : 12:17:47  ----  Landmass generated in 0.036 sec
LOG : 12:17:47  ----  Generating landmass #14
LOG : 12:17:47  ----  Continent Leghea
LOG : 12:17:47  ----  Source: 22,79
LOG : 12:17:47  ----  Size: 1365
LOG : 12:17:47  ----  Target coverage: 0.6577387410230955
LOG : 12:17:47  ----  Mt:0.3654104116794975, Fr:0.292328329343598, Wl:0.0
LOG : 12:17:47  ----  heat:0.5, wetness:0.5119647070882145, flatness:0.4020429087590073, corruption:0.30385117995931676
LOG : 12:17:47  ----  Landmass generated in 0.126 sec
LOG : 12:17:47  ----  Generating landmass #15
LOG : 12:17:47  ----  Continent Aewra
LOG : 12:17:47  ----  Source: 156,6
LOG : 12:17:47  ----  Size: 738
LOG : 12:17:47  ----  Target coverage: 1.0234812371119724
LOG : 12:17:47  ----  Mt:0.31983788659749135, Fr:0.06396757731949827, Wl:0.6396757731949827
LOG : 12:17:47  ----  heat:0.5, wetness:0.868608273878884, flatness:0.2043684331785246, corruption:0.59514296755163
LOG : 12:17:47  ----  Landmass generated in 0.086 sec
LOG : 12:17:47  ----  Adding transitional hexes
LOG : 12:17:47  ----  Transitional hexes done in 0.01 sec
LOG : 12:17:47  ----  Assimilating adjacent hexes
LOG : 12:17:47  ----  Assimilation done in 0.001 sec
LOG : 12:17:47  ----  Adding points of interest
LOG : 12:17:47  ----  Points of interested added in 0.111 sec
LOG : 12:17:47  ----  Generating factions
LOG : 12:17:47  ----  Loaded race enum ORC
LOG : 12:17:47  ----  Loaded race enum HUMAN
LOG : 12:17:47  ----  Loaded race enum ELF
LOG : 12:17:47  ----  Loaded race enum DWARF
LOG : 12:17:47  ----  Loaded race enum GOBLIN
LOG : 12:17:47  ----  Loaded race enum HOBGOBLIN
LOG : 12:17:47  ----  Loaded race enum LIZARDFOLK
LOG : 12:17:47  ----  Loaded faction type enum DESPOTIC
LOG : 12:17:47  ----  Loaded faction type enum HEGEMONIC
LOG : 12:17:47  ----  Loaded faction type enum IMPERIAL
LOG : 12:17:47  ----  Loaded faction type enum OLEGARCHIC
LOG : 12:17:47  ----  Loaded faction type enum RELIGIOUS
LOG : 12:17:47  ----  Loaded faction type enum TRIBAL
LOG : 12:17:47  ----  Generated faction 'Olegarchy of Vimoth' at 2,46 as a Hobgoblin Republic
LOG : 12:17:47  ----  Generated faction 'Olegarchy of Lundonian' at 177,74 as a Elf Republic
LOG : 12:17:47  ----  Generated faction 'Realm of Lothlor' at 164,77 as a Elf Realm
LOG : 12:17:47  ----  Generated faction 'Free Cities of Azhaxatu' at 178,80 as a Lizardfolk Free States
LOG : 12:17:47  ----  Generated faction 'Kingdom of Ham's Host' at 154,69 as a Dwarf Kingdom
LOG : 12:17:47  ----  Generated faction 'Republic of Azhkolbo' at 174,98 as a Lizardfolk Republic
LOG : 12:17:47  ----  Generated faction 'Republic of Percival's Stead' at 8,106 as a Human Republic
LOG : 12:17:47  ----  Generated faction 'Republic of Clearford' at 28,94 as a Human Republic
LOG : 12:17:47  ----  Generated faction 'Olegarchy of Sharpsholme Field' at 93,20 as a Human Olegarchy
LOG : 12:17:47  ----  Generated faction 'Imperium of Lothdonien' at 100,22 as a Elf Empire
LOG : 12:17:47  ----  Generated faction 'Republic of Vivekk' at 202,97 as a Hobgoblin Olegarchy
LOG : 12:17:47  ----  Generated faction 'City-States of Whonmad's Hold' at 209,86 as a Dwarf Free States
LOG : 12:17:47  ----  Generated faction 'Olegarchy of Thandonial' at 18,14 as a Elf Republic
LOG : 12:17:47  ----  Generated faction 'Republic of Whaldir's Doom' at 13,20 as a Dwarf Republic
LOG : 12:17:47  ----  Generated faction 'Realm of Lethdon' at 194,70 as a Elf Realm
LOG : 12:17:48  ----  Generated faction 'Temple of Lunver' at 190,52 as a Elf Temple
LOG : 12:17:48  ----  Generated faction 'City-States of Bram's Deep' at 133,109 as a Dwarf Free Cities
LOG : 12:17:48  ----  Generated faction 'Temple of Thanver' at 116,37 as a Elf Temple
LOG : 12:17:48  ----  Generated faction 'Olegarchy of Thandon' at 104,37 as a Elf Olegarchy
LOG : 12:17:48  ----  Generated faction 'Realm of Steelholm' at 239,47 as a Dwarf Kingdom
LOG : 12:17:48  ----  Generated faction 'Order of Steelhost' at 95,101 as a Dwarf Order
LOG : 12:17:48  ----  Generated faction 'Imperium of Dugholme' at 109,105 as a Dwarf Empire
LOG : 12:17:48  ----  Generated faction 'Clans of Mokko Hold' at 91,105 as a Goblin Nation
LOG : 12:17:48  ----  Generated faction 'Imperium of Steelhall' at 166,10 as a Dwarf Imperium
LOG : 12:17:48  ----  Generated faction 'Order of Ghorb's Hold' at 163,2 as a Dwarf Temple
LOG : 12:17:48  ----  Factions generated in 0.996 sec
LOG : 12:17:48  ----  Map generated in 2.716 sec
LOG : 12:18:52  ----  Starting ...
LOG : 12:18:56  ----  Generating map...
LOG : 12:18:56  ----  Initializing...
LOG : 12:18:56  ----  Generating landmasses
LOG : 12:18:56  ----  Generating landmass #1
LOG : 12:18:56  ----  Continent Eichaa
LOG : 12:18:56  ----  Source: 146,105
LOG : 12:18:56  ----  Size: 1070
LOG : 12:18:56  ----  Target coverage: 0.9603277761396196
LOG : 12:18:56  ----  Mt:0.2216141021860661, Fr:0.7387136739535536, Wl:0.0
LOG : 12:18:56  ----  heat:0.5, wetness:0.9082129253091434, flatness:0.48509177233563283, corruption:0.271830386116954
LOG : 12:18:56  ----  Landmass generated in 0.148 sec
LOG : 12:18:56  ----  Generating landmass #2
LOG : 12:18:57  ----  Continent Aosua
LOG : 12:18:57  ----  Source: 92,123
LOG : 12:18:57  ----  Size: 1004
LOG : 12:18:57  ----  Target coverage: 0.25065675685675554
LOG : 12:18:57  ----  Mt:0.10444031535698148, Fr:0.04177612614279259, Wl:0.10444031535698148
LOG : 12:18:57  ----  heat:0.5, wetness:0.016433426376995186, flatness:0.9635520921505544, corruption:0.7879487166496285
LOG : 12:18:57  ----  Landmass generated in 0.102 sec
LOG : 12:18:57  ----  Generating landmass #3
LOG : 12:18:57  ----  Continent Taosha
LOG : 12:18:57  ----  Source: 81,52
LOG : 12:18:57  ----  Size: 162
LOG : 12:18:57  ----  Target coverage: 0.6462528783425844
LOG : 12:18:57  ----  Mt:0.20195402448205763, Fr:0.040390804896411524, Wl:0.40390804896411525
LOG : 12:18:57  ----  heat:0.5, wetness:0.8235463377655085, flatness:0.8219396359436612, corruption:0.141463573652174
LOG : 12:18:57  ----  Landmass generated in 0.039 sec
LOG : 12:18:57  ----  Generating landmass #4
LOG : 12:18:57  ----  Continent Tiana
LOG : 12:18:57  ----  Source: 4,27
LOG : 12:18:57  ----  Size: 384
LOG : 12:18:57  ----  Target coverage: 0.43727466544844806
LOG : 12:18:57  ----  Mt:0.2018190763608222, Fr:0.2018190763608222, Wl:0.0336365127268037
LOG : 12:18:57  ----  heat:0.5, wetness:0.23208469942143295, flatness:0.6925989616309683, corruption:0.7420449162758214
LOG : 12:18:57  ----  Landmass generated in 0.063 sec
LOG : 12:18:57  ----  Generating landmass #5
LOG : 12:18:57  ----  Continent Mosia
LOG : 12:18:57  ----  Source: 91,17
LOG : 12:18:57  ----  Size: 230
LOG : 12:18:57  ----  Target coverage: 0.3819154396624352
LOG : 12:18:57  ----  Mt:0.17626866445958547, Fr:0.17626866445958547, Wl:0.029378110743264248
LOG : 12:18:57  ----  heat:0.5, wetness:0.01361444942393153, flatness:0.09359796530701037, corruption:0.10353370279161789
LOG : 12:18:57  ----  Landmass generated in 0.04 sec
LOG : 12:18:57  ----  Generating landmass #6
LOG : 12:18:57  ----  Continent Iudoa
LOG : 12:18:57  ----  Source: 62,70
LOG : 12:18:57  ----  Size: 48
LOG : 12:18:57  ----  Target coverage: 0.9789665509201152
LOG : 12:18:57  ----  Mt:0.305927047162536, Fr:0.0611854094325072, Wl:0.611854094325072
LOG : 12:18:57  ----  heat:0.5, wetness:0.796168985384292, flatness:0.8085803601651828, corruption:0.06151887080651497
LOG : 12:18:57  ----  Landmass generated in 0.061 sec
LOG : 12:18:57  ----  Generating landmass #7
LOG : 12:18:57  ----  Continent Oawraefa
LOG : 12:18:57  ----  Source: 172,1
LOG : 12:18:57  ----  Size: 1501
LOG : 12:18:57  ----  Target coverage: 0.824080922267391
LOG : 12:18:57  ----  Mt:0.1901725205232441, Fr:0.633908401744147, Wl:0.0
LOG : 12:18:57  ----  heat:0.5, wetness:0.033498599149641595, flatness:0.43855455894230766, corruption:0.7489283677440766
LOG : 12:18:57  ----  Landmass generated in 0.207 sec
LOG : 12:18:57  ----  Generating landmass #8
LOG : 12:18:57  ----  Continent Awuva
LOG : 12:18:57  ----  Source: 17,106
LOG : 12:18:57  ----  Size: 1400
LOG : 12:18:57  ----  Target coverage: 0.831321782174367
LOG : 12:18:57  ----  Mt:0.1918434881940847, Fr:0.6394782939802823, Wl:0.0
LOG : 12:18:57  ----  heat:0.5, wetness:0.681694807349446, flatness:0.2819872389965199, corruption:0.020362122311523567
LOG : 12:18:57  ----  Landmass generated in 0.153 sec
LOG : 12:18:57  ----  Generating landmass #9
LOG : 12:18:57  ----  Continent Utua
LOG : 12:18:57  ----  Source: 207,120
LOG : 12:18:57  ----  Size: 1284
LOG : 12:18:57  ----  Target coverage: 0.8747613301093871
LOG : 12:18:57  ----  Mt:0.27336291565918347, Fr:0.05467258313183669, Wl:0.5467258313183669
LOG : 12:18:57  ----  heat:0.5, wetness:0.700676495577233, flatness:0.5508236198535544, corruption:0.16676643548065384
LOG : 12:18:57  ----  Landmass generated in 0.121 sec
LOG : 12:18:57  ----  Generating landmass #10
LOG : 12:18:57  ----  Continent Wieva
LOG : 12:18:58  ----  Source: 39,61
LOG : 12:18:58  ----  Size: 1591
LOG : 12:18:58  ----  Target coverage: 0.9692406340197547
LOG : 12:18:58  ----  Mt:0.1615401056699591, Fr:0.0, Wl:0.8077005283497956
LOG : 12:18:58  ----  heat:0.5, wetness:0.9008937840085662, flatness:0.3332409245624507, corruption:0.84867601568423
LOG : 12:18:58  ----  Landmass generated in 0.205 sec
LOG : 12:18:58  ----  Generating landmass #11
LOG : 12:18:58  ----  Continent Guapha
LOG : 12:18:58  ----  Source: 74,33
LOG : 12:18:58  ----  Size: 69
LOG : 12:18:58  ----  Target coverage: 0.634253798413887
LOG : 12:18:58  ----  Mt:0.14636626117243545, Fr:0.4878875372414515, Wl:0.0
LOG : 12:18:58  ----  heat:0.5, wetness:0.7329095121206906, flatness:0.36536549060541745, corruption:0.3678051222479598
LOG : 12:18:58  ----  Landmass generated in 0.049 sec
LOG : 12:18:58  ----  Generating landmass #12
LOG : 12:18:58  ----  Continent Uacia
LOG : 12:18:58  ----  Source: 157,85
LOG : 12:18:58  ----  Size: 932
LOG : 12:18:58  ----  Target coverage: 0.5973913412856074
LOG : 12:18:58  ----  Mt:0.2757190805933573, Fr:0.2757190805933573, Wl:0.04595318009889288
LOG : 12:18:58  ----  heat:0.5, wetness:0.9163149451962924, flatness:0.29238687716843703, corruption:0.5367355611290906
LOG : 12:18:58  ----  Landmass generated in 0.103 sec
LOG : 12:18:58  ----  Generating landmass #13
LOG : 12:18:58  ----  Continent Eocia
LOG : 12:18:58  ----  Source: 97,93
LOG : 12:18:58  ----  Size: 611
LOG : 12:18:58  ----  Target coverage: 0.720215624918701
LOG : 12:18:58  ----  Mt:0.4001197916215005, Fr:0.3200958332972004, Wl:0.0
LOG : 12:18:58  ----  heat:0.5, wetness:0.7206110714675409, flatness:0.9230750157238138, corruption:0.9205808383298624
LOG : 12:18:58  ----  Landmass generated in 0.065 sec
LOG : 12:18:58  ----  Generating landmass #14
LOG : 12:18:58  ----  Continent Laema
LOG : 12:18:58  ----  Source: 175,49
LOG : 12:18:58  ----  Size: 1392
LOG : 12:18:58  ----  Target coverage: 0.35239299356918014
LOG : 12:18:58  ----  Mt:0.1468304139871584, Fr:0.058732165594863356, Wl:0.1468304139871584
LOG : 12:18:58  ----  heat:0.5, wetness:0.2908782566185659, flatness:0.4550782875580499, corruption:0.5220155072189441
LOG : 12:18:58  ----  Landmass generated in 0.154 sec
LOG : 12:18:58  ----  Generating landmass #15
LOG : 12:18:58  ----  Continent Iochiasla
LOG : 12:18:58  ----  Source: 248,50
LOG : 12:18:58  ----  Size: 241
LOG : 12:18:58  ----  Target coverage: 0.37709970563931716
LOG : 12:18:58  ----  Mt:0.1571248773497155, Fr:0.06284995093988618, Wl:0.1571248773497155
LOG : 12:18:58  ----  heat:0.5, wetness:0.5733150857700192, flatness:0.16152033500142293, corruption:0.9745520175749983
LOG : 12:18:58  ----  Landmass generated in 0.044 sec
LOG : 12:18:58  ----  Generating landmass #16
LOG : 12:18:58  ----  Continent Iobra
LOG : 12:18:58  ----  Source: 198,14
LOG : 12:18:58  ----  Size: 1496
LOG : 12:18:58  ----  Target coverage: 0.6244244942583306
LOG : 12:18:58  ----  Mt:0.2881959204269218, Fr:0.2881959204269218, Wl:0.04803265340448697
LOG : 12:18:58  ----  heat:0.5, wetness:0.2685158224399533, flatness:0.7641996276600215, corruption:0.8063724181637995
LOG : 12:18:58  ----  Landmass generated in 0.173 sec
LOG : 12:18:58  ----  Adding transitional hexes
LOG : 12:18:58  ----  Transitional hexes done in 0.011 sec
LOG : 12:18:58  ----  Assimilating adjacent hexes
LOG : 12:18:58  ----  Assimilation done in 0.001 sec
LOG : 12:18:58  ----  Adding points of interest
LOG : 12:18:58  ----  Points of interested added in 0.032 sec
LOG : 12:18:58  ----  Generating factions
LOG : 12:18:58  ----  Loaded race enum ORC
LOG : 12:18:58  ----  Loaded race enum HUMAN
LOG : 12:18:58  ----  Loaded race enum ELF
LOG : 12:18:58  ----  Loaded race enum DWARF
LOG : 12:18:58  ----  Loaded race enum GOBLIN
LOG : 12:18:58  ----  Loaded race enum HOBGOBLIN
LOG : 12:18:58  ----  Loaded race enum LIZARDFOLK
LOG : 12:18:58  ----  Loaded faction type enum DESPOTIC
LOG : 12:18:58  ----  Loaded faction type enum HEGEMONIC
LOG : 12:18:58  ----  Loaded faction type enum IMPERIAL
LOG : 12:18:58  ----  Loaded faction type enum OLEGARCHIC
LOG : 12:18:58  ----  Loaded faction type enum RELIGIOUS
LOG : 12:18:58  ----  Loaded faction type enum TRIBAL
LOG : 12:18:58  ----  Generated faction 'Nation of Mokvekk Hold' at 89,126 as a Hobgoblin Tribes
LOG : 12:18:58  ----  Generated faction 'Imperium of Sharpsville' at 98,124 as a Human Imperium
LOG : 12:18:58  ----  Generated faction 'Nation of Horko Hold' at 107,117 as a Goblin Warbands
LOG : 12:18:59  ----  Generated faction 'Olegarchy of Randall's Field' at 94,114 as a Human Republic
LOG : 12:18:59  ----  Generated faction 'Republic of Ironforge' at 252,31 as a Dwarf Olegarchy
LOG : 12:18:59  ----  Generated faction 'Commonwealth of Lunlor' at 168,27 as a Elf Free States
LOG : 12:18:59  ----  Generated faction 'Temple of Lethlor' at 176,2 as a Elf Order
LOG : 12:18:59  ----  Generated faction 'Realm of Whar's Doom' at 162,29 as a Dwarf Kingdom
LOG : 12:18:59  ----  Generated faction 'Tribes of Vi'kath Hold' at 173,10 as a Goblin Warbands
LOG : 12:18:59  ----  Generated faction 'Imperium of Kalkabatu' at 219,114 as a Lizardfolk Empire
LOG : 12:18:59  ----  Generated faction 'Warbands of Gon-bro' at 188,124 as a Orc Tribes
LOG : 12:18:59  ----  Generated faction 'Tribes of Mok'kath Hold' at 199,127 as a Goblin Clans
LOG : 12:18:59  ----  Generated faction 'Kingdom of Viko Hold' at 21,69 as a Hobgoblin Kingdom
LOG : 12:18:59  ----  Generated faction 'Tribes of Uxgolcer' at 22,59 as a Orc Warbands
LOG : 12:18:59  ----  Generated faction 'Warbands of Percival's Keep' at 47,41 as a Human Nation
LOG : 12:18:59  ----  Generated faction 'Nation of Viko Hold' at 93,81 as a Goblin Tribes
LOG : 12:18:59  ----  Generated faction 'Nation of Bol'kath Hold' at 172,45 as a Goblin Nation
LOG : 12:18:59  ----  Generated faction 'Clans of Vi'vekk Hold' at 157,60 as a Goblin Clans
LOG : 12:18:59  ----  Generated faction 'Clans of Mokmoth Hold' at 191,42 as a Goblin Clans
LOG : 12:18:59  ----  Generated faction 'Imperium of Steelhold' at 225,20 as a Dwarf Imperium
LOG : 12:18:59  ----  Factions generated in 1.077 sec
LOG : 12:18:59  ----  Map generated in 3.163 sec
